{"/home/travis/build/npmtest/node-npmtest-babel-core/test.js":{"path":"/home/travis/build/npmtest/node-npmtest-babel-core/test.js","s":{"1":2,"2":2,"3":2,"4":2,"5":2,"6":2,"7":2,"8":1,"9":2,"10":2,"11":1,"12":1,"13":1,"14":1,"15":2,"16":2,"17":2,"18":2,"19":1,"20":1,"21":2,"22":2,"23":2,"24":1,"25":1,"26":1,"27":1,"28":1,"29":1,"30":1,"31":1,"32":1,"33":1,"34":1,"35":1,"36":1,"37":1,"38":1,"39":2,"40":2,"41":1,"42":2,"43":2,"44":1,"45":2,"46":2,"47":1,"48":2,"49":2,"50":1,"51":1,"52":1,"53":1,"54":1},"b":{"1":[2,1,1,1],"2":[1,1,1,1],"3":[1,1],"4":[1,1],"5":[1,1],"6":[1,1],"7":[1,1],"8":[1,1],"9":[1,1],"10":[1,1,1],"11":[1,1],"12":[1,1],"13":[1,1],"14":[1,1],"15":[1,1],"16":[1,1],"17":[1,1]},"f":{"1":2,"2":2,"3":2,"4":2,"5":2,"6":1,"7":1,"8":1,"9":2,"10":2,"11":2,"12":2,"13":1},"fnMap":{"1":{"name":"(anonymous_1)","line":12,"loc":{"start":{"line":12,"column":1},"end":{"line":12,"column":13}}},"2":{"name":"(anonymous_2)","line":19,"loc":{"start":{"line":19,"column":5},"end":{"line":19,"column":17}}},"3":{"name":"(anonymous_3)","line":23,"loc":{"start":{"line":23,"column":24},"end":{"line":23,"column":36}}},"4":{"name":"(anonymous_4)","line":61,"loc":{"start":{"line":61,"column":5},"end":{"line":61,"column":17}}},"5":{"name":"(anonymous_5)","line":82,"loc":{"start":{"line":82,"column":5},"end":{"line":82,"column":17}}},"6":{"name":"(anonymous_6)","line":91,"loc":{"start":{"line":91,"column":77},"end":{"line":94,"column":10}}},"7":{"name":"(anonymous_7)","line":112,"loc":{"start":{"line":112,"column":83},"end":{"line":115,"column":10}},"skip":true},"8":{"name":"(anonymous_8)","line":123,"loc":{"start":{"line":123,"column":77},"end":{"line":126,"column":10}},"skip":true},"9":{"name":"(anonymous_9)","line":139,"loc":{"start":{"line":139,"column":12},"end":{"line":139,"column":40}},"skip":true},"10":{"name":"(anonymous_10)","line":147,"loc":{"start":{"line":147,"column":77},"end":{"line":150,"column":10}},"skip":true},"11":{"name":"(anonymous_11)","line":158,"loc":{"start":{"line":158,"column":83},"end":{"line":161,"column":10}},"skip":true},"12":{"name":"(anonymous_12)","line":169,"loc":{"start":{"line":169,"column":79},"end":{"line":172,"column":10}},"skip":true},"13":{"name":"(anonymous_13)","line":180,"loc":{"start":{"line":180,"column":75},"end":{"line":183,"column":10}},"skip":true}},"statementMap":{"1":{"start":{"line":12,"column":0},"end":{"line":195,"column":5}},"2":{"start":{"line":14,"column":4},"end":{"line":14,"column":14}},"3":{"start":{"line":19,"column":4},"end":{"line":56,"column":9}},"4":{"start":{"line":21,"column":8},"end":{"line":21,"column":19}},"5":{"start":{"line":23,"column":8},"end":{"line":35,"column":13}},"6":{"start":{"line":24,"column":12},"end":{"line":34,"column":13}},"7":{"start":{"line":25,"column":16},"end":{"line":28,"column":30}},"8":{"start":{"line":30,"column":16},"end":{"line":33,"column":27}},"9":{"start":{"line":37,"column":8},"end":{"line":39,"column":21}},"10":{"start":{"line":40,"column":8},"end":{"line":53,"column":9}},"11":{"start":{"line":43,"column":12},"end":{"line":46,"column":14}},"12":{"start":{"line":47,"column":12},"end":{"line":47,"column":18}},"13":{"start":{"line":50,"column":12},"end":{"line":51,"column":33}},"14":{"start":{"line":52,"column":12},"end":{"line":52,"column":18}},"15":{"start":{"line":55,"column":8},"end":{"line":55,"column":35}},"16":{"start":{"line":61,"column":4},"end":{"line":63,"column":9}},"17":{"start":{"line":62,"column":8},"end":{"line":62,"column":15}},"18":{"start":{"line":64,"column":4},"end":{"line":77,"column":5}},"19":{"start":{"line":70,"column":8},"end":{"line":70,"column":14}},"20":{"start":{"line":76,"column":8},"end":{"line":76,"column":14}},"21":{"start":{"line":82,"column":4},"end":{"line":84,"column":9}},"22":{"start":{"line":83,"column":8},"end":{"line":83,"column":15}},"23":{"start":{"line":85,"column":4},"end":{"line":194,"column":5}},"24":{"start":{"line":91,"column":8},"end":{"line":99,"column":10}},"25":{"start":{"line":98,"column":12},"end":{"line":98,"column":35}},"26":{"start":{"line":102,"column":8},"end":{"line":104,"column":63}},"27":{"start":{"line":105,"column":8},"end":{"line":105,"column":14}},"28":{"start":{"line":112,"column":8},"end":{"line":121,"column":10},"skip":true},"29":{"start":{"line":119,"column":12},"end":{"line":119,"column":55},"skip":true},"30":{"start":{"line":120,"column":12},"end":{"line":120,"column":48},"skip":true},"31":{"start":{"line":123,"column":8},"end":{"line":136,"column":10},"skip":true},"32":{"start":{"line":130,"column":12},"end":{"line":130,"column":76},"skip":true},"33":{"start":{"line":131,"column":12},"end":{"line":131,"column":73},"skip":true},"34":{"start":{"line":132,"column":12},"end":{"line":132,"column":74},"skip":true},"35":{"start":{"line":133,"column":12},"end":{"line":133,"column":79},"skip":true},"36":{"start":{"line":134,"column":12},"end":{"line":134,"column":25},"skip":true},"37":{"start":{"line":135,"column":12},"end":{"line":135,"column":45},"skip":true},"38":{"start":{"line":138,"column":8},"end":{"line":145,"column":14},"skip":true},"39":{"start":{"line":143,"column":16},"end":{"line":143,"column":29},"skip":true},"40":{"start":{"line":144,"column":16},"end":{"line":144,"column":55},"skip":true},"41":{"start":{"line":147,"column":8},"end":{"line":156,"column":10},"skip":true},"42":{"start":{"line":154,"column":12},"end":{"line":154,"column":25},"skip":true},"43":{"start":{"line":155,"column":12},"end":{"line":155,"column":45},"skip":true},"44":{"start":{"line":158,"column":8},"end":{"line":167,"column":10},"skip":true},"45":{"start":{"line":165,"column":12},"end":{"line":165,"column":25},"skip":true},"46":{"start":{"line":166,"column":12},"end":{"line":166,"column":48},"skip":true},"47":{"start":{"line":169,"column":8},"end":{"line":178,"column":10},"skip":true},"48":{"start":{"line":176,"column":12},"end":{"line":176,"column":25},"skip":true},"49":{"start":{"line":177,"column":12},"end":{"line":177,"column":46},"skip":true},"50":{"start":{"line":180,"column":8},"end":{"line":189,"column":10},"skip":true},"51":{"start":{"line":187,"column":12},"end":{"line":187,"column":94},"skip":true},"52":{"start":{"line":188,"column":12},"end":{"line":188,"column":48},"skip":true},"53":{"start":{"line":192,"column":8},"end":{"line":192,"column":35},"skip":true},"54":{"start":{"line":193,"column":8},"end":{"line":193,"column":14},"skip":true}},"branchMap":{"1":{"line":25,"type":"binary-expr","locations":[{"start":{"line":25,"column":23},"end":{"line":25,"column":62}},{"start":{"line":26,"column":20},"end":{"line":26,"column":70}},{"start":{"line":27,"column":20},"end":{"line":27,"column":71}},{"start":{"line":28,"column":20},"end":{"line":28,"column":29}}]},"2":{"line":30,"type":"binary-expr","locations":[{"start":{"line":30,"column":23},"end":{"line":30,"column":37}},{"start":{"line":31,"column":20},"end":{"line":31,"column":61}},{"start":{"line":32,"column":20},"end":{"line":32,"column":70}},{"start":{"line":33,"column":20},"end":{"line":33,"column":26}}]},"3":{"line":37,"type":"cond-expr","locations":[{"start":{"line":38,"column":14},"end":{"line":38,"column":20}},{"start":{"line":39,"column":14},"end":{"line":39,"column":20}}]},"4":{"line":40,"type":"switch","locations":[{"start":{"line":42,"column":8},"end":{"line":47,"column":18}},{"start":{"line":49,"column":8},"end":{"line":52,"column":18}}]},"5":{"line":44,"type":"binary-expr","locations":[{"start":{"line":44,"column":16},"end":{"line":44,"column":44}},{"start":{"line":44,"column":48},"end":{"line":44,"column":66}}]},"6":{"line":50,"type":"binary-expr","locations":[{"start":{"line":50,"column":21},"end":{"line":50,"column":49}},{"start":{"line":50,"column":53},"end":{"line":50,"column":72}}]},"7":{"line":64,"type":"switch","locations":[{"start":{"line":69,"column":4},"end":{"line":70,"column":14}},{"start":{"line":75,"column":4},"end":{"line":76,"column":14}}]},"8":{"line":85,"type":"switch","locations":[{"start":{"line":90,"column":4},"end":{"line":105,"column":14}},{"start":{"line":111,"column":4},"end":{"line":193,"column":14},"skip":true}]},"9":{"line":91,"type":"binary-expr","locations":[{"start":{"line":91,"column":42},"end":{"line":91,"column":73}},{"start":{"line":91,"column":77},"end":{"line":99,"column":9}}]},"10":{"line":102,"type":"binary-expr","locations":[{"start":{"line":102,"column":18},"end":{"line":102,"column":32}},{"start":{"line":103,"column":12},"end":{"line":103,"column":53}},{"start":{"line":104,"column":12},"end":{"line":104,"column":61}}]},"11":{"line":112,"type":"binary-expr","locations":[{"start":{"line":112,"column":45},"end":{"line":112,"column":79},"skip":true},{"start":{"line":112,"column":83},"end":{"line":121,"column":9},"skip":true}]},"12":{"line":123,"type":"binary-expr","locations":[{"start":{"line":123,"column":42},"end":{"line":123,"column":73},"skip":true},{"start":{"line":123,"column":77},"end":{"line":136,"column":9},"skip":true}]},"13":{"line":138,"type":"binary-expr","locations":[{"start":{"line":138,"column":48},"end":{"line":138,"column":85},"skip":true},{"start":{"line":139,"column":12},"end":{"line":145,"column":13},"skip":true}]},"14":{"line":147,"type":"binary-expr","locations":[{"start":{"line":147,"column":42},"end":{"line":147,"column":73},"skip":true},{"start":{"line":147,"column":77},"end":{"line":156,"column":9},"skip":true}]},"15":{"line":158,"type":"binary-expr","locations":[{"start":{"line":158,"column":45},"end":{"line":158,"column":79},"skip":true},{"start":{"line":158,"column":83},"end":{"line":167,"column":9},"skip":true}]},"16":{"line":169,"type":"binary-expr","locations":[{"start":{"line":169,"column":43},"end":{"line":169,"column":75},"skip":true},{"start":{"line":169,"column":79},"end":{"line":178,"column":9},"skip":true}]},"17":{"line":180,"type":"binary-expr","locations":[{"start":{"line":180,"column":41},"end":{"line":180,"column":71},"skip":true},{"start":{"line":180,"column":75},"end":{"line":189,"column":9},"skip":true}]}},"code":["/* istanbul instrument in package npmtest_babel_core */","/*jslint","    bitwise: true,","    browser: true,","    maxerr: 8,","    maxlen: 96,","    node: true,","    nomen: true,","    regexp: true,","    stupid: true","*/","(function () {","    'use strict';","    var local;","","","","    // run shared js-env code - init-before","    (function () {","        // init local","        local = {};","        // init modeJs","        local.modeJs = (function () {","            try {","                return typeof navigator.userAgent === 'string' &&","                    typeof document.querySelector('body') === 'object' &&","                    typeof XMLHttpRequest.prototype.open === 'function' &&","                    'browser';","            } catch (errorCaughtBrowser) {","                return module.exports &&","                    typeof process.versions.node === 'string' &&","                    typeof require('http').createServer === 'function' &&","                    'node';","            }","        }());","        // init global","        local.global = local.modeJs === 'browser'","            ? window","            : global;","        switch (local.modeJs) {","        // re-init local from window.local","        case 'browser':","            local = local.global.utility2.objectSetDefault(","                local.global.utility2_rollup || local.global.local,","                local.global.utility2","            );","            break;","        // re-init local from example.js","        case 'node':","            local = (local.global.utility2_rollup || require('utility2'))","                .requireReadme();","            break;","        }","        // export local","        local.global.local = local;","    }());","","","","    // run shared js-env code - function","    (function () {","        return;","    }());","    switch (local.modeJs) {","","","","    // run browser js-env code - function","    case 'browser':","        break;","","","","    // run node js-env code - function","    case 'node':","        break;","    }","","","","    // run shared js-env code - init-after","    (function () {","        return;","    }());","    switch (local.modeJs) {","","","","    // run browser js-env code - init-after","    case 'browser':","        local.testCase_browser_nullCase = local.testCase_browser_nullCase || function (","            options,","            onError","        ) {","        /*","         * this function will test browsers's null-case handling-behavior-behavior","         */","            onError(null, options);","        };","","        // run tests","        local.nop(local.modeTest &&","            document.querySelector('#testRunButton1') &&","            document.querySelector('#testRunButton1').click());","        break;","","","","    // run node js-env code - init-after","    /* istanbul ignore next */","    case 'node':","        local.testCase_buildApidoc_default = local.testCase_buildApidoc_default || function (","            options,","            onError","        ) {","        /*","         * this function will test buildApidoc's default handling-behavior-behavior","         */","            options = { modulePathList: module.paths };","            local.buildApidoc(options, onError);","        };","","        local.testCase_buildApp_default = local.testCase_buildApp_default || function (","            options,","            onError","        ) {","        /*","         * this function will test buildApp's default handling-behavior-behavior","         */","            local.testCase_buildReadme_default(options, local.onErrorThrow);","            local.testCase_buildLib_default(options, local.onErrorThrow);","            local.testCase_buildTest_default(options, local.onErrorThrow);","            local.testCase_buildCustomOrg_default(options, local.onErrorThrow);","            options = [];","            local.buildApp(options, onError);","        };","","        local.testCase_buildCustomOrg_default = local.testCase_buildCustomOrg_default ||","            function (options, onError) {","            /*","             * this function will test buildCustomOrg's default handling-behavior","             */","                options = {};","                local.buildCustomOrg(options, onError);","            };","","        local.testCase_buildLib_default = local.testCase_buildLib_default || function (","            options,","            onError","        ) {","        /*","         * this function will test buildLib's default handling-behavior","         */","            options = {};","            local.buildLib(options, onError);","        };","","        local.testCase_buildReadme_default = local.testCase_buildReadme_default || function (","            options,","            onError","        ) {","        /*","         * this function will test buildReadme's default handling-behavior-behavior","         */","            options = {};","            local.buildReadme(options, onError);","        };","","        local.testCase_buildTest_default = local.testCase_buildTest_default || function (","            options,","            onError","        ) {","        /*","         * this function will test buildTest's default handling-behavior","         */","            options = {};","            local.buildTest(options, onError);","        };","","        local.testCase_webpage_default = local.testCase_webpage_default || function (","            options,","            onError","        ) {","        /*","         * this function will test webpage's default handling-behavior","         */","            options = { modeCoverageMerge: true, url: local.serverLocalHost + '?modeTest=1' };","            local.browserTest(options, onError);","        };","","        // run test-server","        local.testRunServer(local);","        break;","    }","}());",""],"l":{"12":2,"14":2,"19":2,"21":2,"23":2,"24":2,"25":2,"30":1,"37":2,"40":2,"43":1,"47":1,"50":1,"52":1,"55":2,"61":2,"62":2,"64":2,"70":1,"76":1,"82":2,"83":2,"85":2,"91":1,"98":1,"102":1,"105":1,"112":1,"119":1,"120":1,"123":1,"130":1,"131":1,"132":1,"133":1,"134":1,"135":1,"138":1,"143":2,"144":2,"147":1,"154":2,"155":2,"158":1,"165":2,"166":2,"169":1,"176":2,"177":2,"180":1,"187":1,"188":1,"192":1,"193":1}},"/home/travis/build/npmtest/node-npmtest-babel-core/lib.npmtest_babel_core.js":{"path":"/home/travis/build/npmtest/node-npmtest-babel-core/lib.npmtest_babel_core.js","s":{"1":2,"2":2,"3":2,"4":2,"5":2,"6":2,"7":2,"8":1,"9":2,"10":2,"11":2,"12":2,"13":1,"14":1,"15":1,"16":1},"b":{"1":[2,1,1,1],"2":[1,1,1,1],"3":[1,1],"4":[2,2],"5":[1,1]},"f":{"1":2,"2":2,"3":2},"fnMap":{"1":{"name":"(anonymous_1)","line":12,"loc":{"start":{"line":12,"column":1},"end":{"line":12,"column":13}}},"2":{"name":"(anonymous_2)","line":19,"loc":{"start":{"line":19,"column":5},"end":{"line":19,"column":17}}},"3":{"name":"(anonymous_3)","line":23,"loc":{"start":{"line":23,"column":24},"end":{"line":23,"column":36}}}},"statementMap":{"1":{"start":{"line":12,"column":0},"end":{"line":53,"column":5}},"2":{"start":{"line":14,"column":4},"end":{"line":14,"column":14}},"3":{"start":{"line":19,"column":4},"end":{"line":52,"column":9}},"4":{"start":{"line":21,"column":8},"end":{"line":21,"column":19}},"5":{"start":{"line":23,"column":8},"end":{"line":35,"column":13}},"6":{"start":{"line":24,"column":12},"end":{"line":34,"column":13}},"7":{"start":{"line":25,"column":16},"end":{"line":28,"column":30}},"8":{"start":{"line":30,"column":16},"end":{"line":33,"column":27}},"9":{"start":{"line":37,"column":8},"end":{"line":39,"column":21}},"10":{"start":{"line":41,"column":8},"end":{"line":41,"column":54}},"11":{"start":{"line":43,"column":8},"end":{"line":43,"column":55}},"12":{"start":{"line":45,"column":8},"end":{"line":51,"column":9}},"13":{"start":{"line":46,"column":12},"end":{"line":46,"column":61}},"14":{"start":{"line":48,"column":12},"end":{"line":48,"column":35}},"15":{"start":{"line":49,"column":12},"end":{"line":49,"column":49}},"16":{"start":{"line":50,"column":12},"end":{"line":50,"column":43}}},"branchMap":{"1":{"line":25,"type":"binary-expr","locations":[{"start":{"line":25,"column":23},"end":{"line":25,"column":62}},{"start":{"line":26,"column":20},"end":{"line":26,"column":70}},{"start":{"line":27,"column":20},"end":{"line":27,"column":71}},{"start":{"line":28,"column":20},"end":{"line":28,"column":29}}]},"2":{"line":30,"type":"binary-expr","locations":[{"start":{"line":30,"column":23},"end":{"line":30,"column":37}},{"start":{"line":31,"column":20},"end":{"line":31,"column":61}},{"start":{"line":32,"column":20},"end":{"line":32,"column":70}},{"start":{"line":33,"column":20},"end":{"line":33,"column":26}}]},"3":{"line":37,"type":"cond-expr","locations":[{"start":{"line":38,"column":14},"end":{"line":38,"column":20}},{"start":{"line":39,"column":14},"end":{"line":39,"column":20}}]},"4":{"line":41,"type":"binary-expr","locations":[{"start":{"line":41,"column":16},"end":{"line":41,"column":44}},{"start":{"line":41,"column":48},"end":{"line":41,"column":53}}]},"5":{"line":45,"type":"if","locations":[{"start":{"line":45,"column":8},"end":{"line":45,"column":8}},{"start":{"line":45,"column":8},"end":{"line":45,"column":8}}]}},"code":["/* istanbul instrument in package npmtest_babel_core */","/*jslint","    bitwise: true,","    browser: true,","    maxerr: 8,","    maxlen: 96,","    node: true,","    nomen: true,","    regexp: true,","    stupid: true","*/","(function () {","    'use strict';","    var local;","","","","    // run shared js-env code - init-before","    (function () {","        // init local","        local = {};","        // init modeJs","        local.modeJs = (function () {","            try {","                return typeof navigator.userAgent === 'string' &&","                    typeof document.querySelector('body') === 'object' &&","                    typeof XMLHttpRequest.prototype.open === 'function' &&","                    'browser';","            } catch (errorCaughtBrowser) {","                return module.exports &&","                    typeof process.versions.node === 'string' &&","                    typeof require('http').createServer === 'function' &&","                    'node';","            }","        }());","        // init global","        local.global = local.modeJs === 'browser'","            ? window","            : global;","        // init utility2_rollup","        local = local.global.utility2_rollup || local;","        // init lib","        local.local = local.npmtest_babel_core = local;","        // init exports","        if (local.modeJs === 'browser') {","            local.global.utility2_npmtest_babel_core = local;","        } else {","            module.exports = local;","            module.exports.__dirname = __dirname;","            module.exports.module = module;","        }","    }());","}());",""],"l":{"12":2,"14":2,"19":2,"21":2,"23":2,"24":2,"25":2,"30":1,"37":2,"41":2,"43":2,"45":2,"46":1,"48":1,"49":1,"50":1}},"/home/travis/build/npmtest/node-npmtest-babel-core/example.js":{"path":"/home/travis/build/npmtest/node-npmtest-babel-core/example.js","s":{"1":2,"2":2,"3":2,"4":2,"5":2,"6":2,"7":2,"8":1,"9":2,"10":2,"11":2,"12":2,"13":1,"14":2,"15":2,"16":2,"17":2,"18":2,"19":0,"20":2,"21":1,"22":1,"23":1,"24":1,"25":1,"26":0,"27":0,"28":1,"29":1,"30":2,"31":0,"32":0,"33":0,"34":1,"35":2,"36":2,"37":3,"38":3,"39":3,"40":3,"41":0,"42":3,"43":3,"44":3,"45":1,"46":3,"47":1,"48":1,"49":1,"50":1,"51":1,"52":1,"53":1,"54":1,"55":1,"56":1,"57":0,"58":1,"59":6,"60":6,"61":1,"62":2,"63":0,"64":2,"65":1,"66":1,"67":0,"68":0,"69":0,"70":0,"71":0,"72":0,"73":0,"74":0,"75":0,"76":0,"77":0,"78":0,"79":0,"80":0,"81":0,"82":0,"83":0},"b":{"1":[2,1,1,1],"2":[1,1,1,1],"3":[1,1],"4":[2,2],"5":[1,1],"6":[1,1],"7":[2,0],"8":[2,1,1,1,1,1],"9":[0,2,0],"10":[1,1],"11":[2,1,1],"12":[1,0],"13":[0,2],"14":[2,0,0,0,0,0,0],"15":[0,3],"16":[3,0],"17":[1,1],"18":[0,1],"19":[1,2,0,2],"20":[1,0],"21":[1,1],"22":[0,0],"23":[0,0],"24":[0,0],"25":[0,0],"26":[0,0],"27":[0,0],"28":[0,0]},"f":{"1":2,"2":2,"3":2,"4":2,"5":2,"6":2,"7":3,"8":3,"9":3,"10":1,"11":6,"12":0},"fnMap":{"1":{"name":"(anonymous_1)","line":26,"loc":{"start":{"line":26,"column":1},"end":{"line":26,"column":13}}},"2":{"name":"(anonymous_2)","line":33,"loc":{"start":{"line":33,"column":5},"end":{"line":33,"column":17}}},"3":{"name":"(anonymous_3)","line":37,"loc":{"start":{"line":37,"column":24},"end":{"line":37,"column":36}}},"4":{"name":"(anonymous_4)","line":69,"loc":{"start":{"line":69,"column":31},"end":{"line":69,"column":48}},"skip":true},"5":{"name":"(anonymous_5)","line":78,"loc":{"start":{"line":78,"column":26},"end":{"line":78,"column":45}},"skip":true},"6":{"name":"(anonymous_6)","line":123,"loc":{"start":{"line":123,"column":33},"end":{"line":123,"column":48}},"skip":true},"7":{"name":"(anonymous_7)","line":125,"loc":{"start":{"line":125,"column":27},"end":{"line":125,"column":39}},"skip":true},"8":{"name":"(anonymous_8)","line":133,"loc":{"start":{"line":133,"column":59},"end":{"line":133,"column":74}},"skip":true},"9":{"name":"(anonymous_9)","line":143,"loc":{"start":{"line":143,"column":45},"end":{"line":143,"column":62}},"skip":true},"10":{"name":"(anonymous_10)","line":144,"loc":{"start":{"line":144,"column":73},"end":{"line":144,"column":92}},"skip":true},"11":{"name":"(anonymous_11)","line":272,"loc":{"start":{"line":272,"column":51},"end":{"line":272,"column":77}},"skip":true},"12":{"name":"(anonymous_12)","line":315,"loc":{"start":{"line":315,"column":32},"end":{"line":315,"column":61}},"skip":true}},"statementMap":{"1":{"start":{"line":26,"column":0},"end":{"line":326,"column":5}},"2":{"start":{"line":28,"column":4},"end":{"line":28,"column":14}},"3":{"start":{"line":33,"column":4},"end":{"line":60,"column":9}},"4":{"start":{"line":35,"column":8},"end":{"line":35,"column":19}},"5":{"start":{"line":37,"column":8},"end":{"line":49,"column":13}},"6":{"start":{"line":38,"column":12},"end":{"line":48,"column":13}},"7":{"start":{"line":39,"column":16},"end":{"line":42,"column":30}},"8":{"start":{"line":44,"column":16},"end":{"line":47,"column":27}},"9":{"start":{"line":51,"column":8},"end":{"line":53,"column":21}},"10":{"start":{"line":55,"column":8},"end":{"line":57,"column":45}},"11":{"start":{"line":59,"column":8},"end":{"line":59,"column":35}},"12":{"start":{"line":61,"column":4},"end":{"line":325,"column":5}},"13":{"start":{"line":69,"column":8},"end":{"line":121,"column":10},"skip":true},"14":{"start":{"line":70,"column":12},"end":{"line":88,"column":13},"skip":true},"15":{"start":{"line":76,"column":16},"end":{"line":87,"column":19},"skip":true},"16":{"start":{"line":79,"column":20},"end":{"line":86,"column":21},"skip":true},"17":{"start":{"line":82,"column":24},"end":{"line":82,"column":43},"skip":true},"18":{"start":{"line":83,"column":24},"end":{"line":83,"column":30},"skip":true},"19":{"start":{"line":85,"column":24},"end":{"line":85,"column":49},"skip":true},"20":{"start":{"line":89,"column":12},"end":{"line":107,"column":13},"skip":true},"21":{"start":{"line":92,"column":16},"end":{"line":102,"column":17},"skip":true},"22":{"start":{"line":93,"column":20},"end":{"line":93,"column":86},"skip":true},"23":{"start":{"line":94,"column":20},"end":{"line":95,"column":45},"skip":true},"24":{"start":{"line":96,"column":20},"end":{"line":96,"column":42},"skip":true},"25":{"start":{"line":97,"column":20},"end":{"line":97,"column":48},"skip":true},"26":{"start":{"line":100,"column":20},"end":{"line":100,"column":85},"skip":true},"27":{"start":{"line":101,"column":20},"end":{"line":101,"column":96},"skip":true},"28":{"start":{"line":103,"column":16},"end":{"line":103,"column":22},"skip":true},"29":{"start":{"line":106,"column":16},"end":{"line":106,"column":22},"skip":true},"30":{"start":{"line":108,"column":12},"end":{"line":120,"column":13},"skip":true},"31":{"start":{"line":114,"column":16},"end":{"line":119,"column":17},"skip":true},"32":{"start":{"line":116,"column":20},"end":{"line":116,"column":78},"skip":true},"33":{"start":{"line":118,"column":20},"end":{"line":118,"column":47},"skip":true},"34":{"start":{"line":123,"column":8},"end":{"line":141,"column":11},"skip":true},"35":{"start":{"line":124,"column":12},"end":{"line":124,"column":54},"skip":true},"36":{"start":{"line":125,"column":12},"end":{"line":140,"column":14},"skip":true},"37":{"start":{"line":126,"column":16},"end":{"line":126,"column":28},"skip":true},"38":{"start":{"line":127,"column":16},"end":{"line":127,"column":69},"skip":true},"39":{"start":{"line":128,"column":16},"end":{"line":128,"column":75},"skip":true},"40":{"start":{"line":129,"column":16},"end":{"line":131,"column":17},"skip":true},"41":{"start":{"line":130,"column":20},"end":{"line":130,"column":27},"skip":true},"42":{"start":{"line":133,"column":16},"end":{"line":137,"column":36},"skip":true},"43":{"start":{"line":134,"column":20},"end":{"line":136,"column":55},"skip":true},"44":{"start":{"line":139,"column":16},"end":{"line":139,"column":57},"skip":true},"45":{"start":{"line":143,"column":8},"end":{"line":147,"column":11},"skip":true},"46":{"start":{"line":144,"column":12},"end":{"line":146,"column":15},"skip":true},"47":{"start":{"line":145,"column":16},"end":{"line":145,"column":70},"skip":true},"48":{"start":{"line":149,"column":8},"end":{"line":149,"column":31},"skip":true},"49":{"start":{"line":150,"column":8},"end":{"line":150,"column":14},"skip":true},"50":{"start":{"line":158,"column":8},"end":{"line":158,"column":31},"skip":true},"51":{"start":{"line":160,"column":8},"end":{"line":160,"column":33},"skip":true},"52":{"start":{"line":161,"column":8},"end":{"line":161,"column":37},"skip":true},"53":{"start":{"line":162,"column":8},"end":{"line":162,"column":35},"skip":true},"54":{"start":{"line":164,"column":8},"end":{"line":164,"column":50},"skip":true},"55":{"start":{"line":166,"column":8},"end":{"line":256,"column":2},"skip":true},"56":{"start":{"line":258,"column":8},"end":{"line":286,"column":9},"skip":true},"57":{"start":{"line":259,"column":12},"end":{"line":269,"column":14},"skip":true},"58":{"start":{"line":271,"column":12},"end":{"line":285,"column":19},"skip":true},"59":{"start":{"line":274,"column":20},"end":{"line":274,"column":35},"skip":true},"60":{"start":{"line":275,"column":20},"end":{"line":284,"column":21},"skip":true},"61":{"start":{"line":277,"column":24},"end":{"line":277,"column":64},"skip":true},"62":{"start":{"line":279,"column":24},"end":{"line":279,"column":40},"skip":true},"63":{"start":{"line":281,"column":24},"end":{"line":281,"column":40},"skip":true},"64":{"start":{"line":283,"column":24},"end":{"line":283,"column":39},"skip":true},"65":{"start":{"line":288,"column":8},"end":{"line":290,"column":9},"skip":true},"66":{"start":{"line":289,"column":12},"end":{"line":289,"column":18},"skip":true},"67":{"start":{"line":291,"column":8},"end":{"line":293,"column":54},"skip":true},"68":{"start":{"line":296,"column":8},"end":{"line":301,"column":37},"skip":true},"69":{"start":{"line":303,"column":8},"end":{"line":303,"column":82},"skip":true},"70":{"start":{"line":306,"column":8},"end":{"line":308,"column":9},"skip":true},"71":{"start":{"line":307,"column":12},"end":{"line":307,"column":82},"skip":true},"72":{"start":{"line":310,"column":8},"end":{"line":312,"column":9},"skip":true},"73":{"start":{"line":311,"column":12},"end":{"line":311,"column":18},"skip":true},"74":{"start":{"line":313,"column":8},"end":{"line":313,"column":54},"skip":true},"75":{"start":{"line":314,"column":8},"end":{"line":314,"column":69},"skip":true},"76":{"start":{"line":315,"column":8},"end":{"line":323,"column":36},"skip":true},"77":{"start":{"line":316,"column":12},"end":{"line":316,"column":61},"skip":true},"78":{"start":{"line":317,"column":12},"end":{"line":320,"column":13},"skip":true},"79":{"start":{"line":318,"column":16},"end":{"line":318,"column":75},"skip":true},"80":{"start":{"line":319,"column":16},"end":{"line":319,"column":23},"skip":true},"81":{"start":{"line":321,"column":12},"end":{"line":321,"column":38},"skip":true},"82":{"start":{"line":322,"column":12},"end":{"line":322,"column":27},"skip":true},"83":{"start":{"line":324,"column":8},"end":{"line":324,"column":14},"skip":true}},"branchMap":{"1":{"line":39,"type":"binary-expr","locations":[{"start":{"line":39,"column":23},"end":{"line":39,"column":62}},{"start":{"line":40,"column":20},"end":{"line":40,"column":70}},{"start":{"line":41,"column":20},"end":{"line":41,"column":71}},{"start":{"line":42,"column":20},"end":{"line":42,"column":29}}]},"2":{"line":44,"type":"binary-expr","locations":[{"start":{"line":44,"column":23},"end":{"line":44,"column":37}},{"start":{"line":45,"column":20},"end":{"line":45,"column":61}},{"start":{"line":46,"column":20},"end":{"line":46,"column":70}},{"start":{"line":47,"column":20},"end":{"line":47,"column":26}}]},"3":{"line":51,"type":"cond-expr","locations":[{"start":{"line":52,"column":14},"end":{"line":52,"column":20}},{"start":{"line":53,"column":14},"end":{"line":53,"column":20}}]},"4":{"line":55,"type":"binary-expr","locations":[{"start":{"line":55,"column":16},"end":{"line":55,"column":44}},{"start":{"line":55,"column":49},"end":{"line":57,"column":43}}]},"5":{"line":55,"type":"cond-expr","locations":[{"start":{"line":56,"column":14},"end":{"line":56,"column":54}},{"start":{"line":57,"column":14},"end":{"line":57,"column":43}}]},"6":{"line":61,"type":"switch","locations":[{"start":{"line":68,"column":4},"end":{"line":150,"column":14},"skip":true},{"start":{"line":156,"column":4},"end":{"line":324,"column":14},"skip":true}]},"7":{"line":70,"type":"if","locations":[{"start":{"line":70,"column":12},"end":{"line":70,"column":12},"skip":true},{"start":{"line":70,"column":12},"end":{"line":70,"column":12},"skip":true}]},"8":{"line":70,"type":"binary-expr","locations":[{"start":{"line":70,"column":16},"end":{"line":70,"column":22},"skip":true},{"start":{"line":70,"column":27},"end":{"line":70,"column":32},"skip":true},{"start":{"line":71,"column":20},"end":{"line":71,"column":39},"skip":true},{"start":{"line":72,"column":20},"end":{"line":72,"column":49},"skip":true},{"start":{"line":73,"column":20},"end":{"line":73,"column":58},"skip":true},{"start":{"line":74,"column":20},"end":{"line":74,"column":69},"skip":true}]},"9":{"line":79,"type":"switch","locations":[{"start":{"line":80,"column":20},"end":{"line":80,"column":33},"skip":true},{"start":{"line":81,"column":20},"end":{"line":83,"column":30},"skip":true},{"start":{"line":84,"column":20},"end":{"line":85,"column":49},"skip":true}]},"10":{"line":89,"type":"switch","locations":[{"start":{"line":90,"column":12},"end":{"line":103,"column":22},"skip":true},{"start":{"line":105,"column":12},"end":{"line":106,"column":22},"skip":true}]},"11":{"line":89,"type":"binary-expr","locations":[{"start":{"line":89,"column":20},"end":{"line":89,"column":25},"skip":true},{"start":{"line":89,"column":29},"end":{"line":89,"column":48},"skip":true},{"start":{"line":89,"column":52},"end":{"line":89,"column":74},"skip":true}]},"12":{"line":92,"type":"if","locations":[{"start":{"line":92,"column":16},"end":{"line":92,"column":16},"skip":true},{"start":{"line":92,"column":16},"end":{"line":92,"column":16},"skip":true}]},"13":{"line":108,"type":"if","locations":[{"start":{"line":108,"column":12},"end":{"line":108,"column":12},"skip":true},{"start":{"line":108,"column":12},"end":{"line":108,"column":12},"skip":true}]},"14":{"line":108,"type":"binary-expr","locations":[{"start":{"line":108,"column":16},"end":{"line":108,"column":61},"skip":true},{"start":{"line":108,"column":66},"end":{"line":108,"column":72},"skip":true},{"start":{"line":108,"column":77},"end":{"line":108,"column":82},"skip":true},{"start":{"line":109,"column":20},"end":{"line":109,"column":39},"skip":true},{"start":{"line":110,"column":20},"end":{"line":110,"column":49},"skip":true},{"start":{"line":111,"column":20},"end":{"line":111,"column":58},"skip":true},{"start":{"line":112,"column":20},"end":{"line":112,"column":68},"skip":true}]},"15":{"line":129,"type":"if","locations":[{"start":{"line":129,"column":16},"end":{"line":129,"column":16},"skip":true},{"start":{"line":129,"column":16},"end":{"line":129,"column":16},"skip":true}]},"16":{"line":134,"type":"cond-expr","locations":[{"start":{"line":135,"column":26},"end":{"line":135,"column":29},"skip":true},{"start":{"line":136,"column":26},"end":{"line":136,"column":54},"skip":true}]},"17":{"line":164,"type":"binary-expr","locations":[{"start":{"line":164,"column":27},"end":{"line":164,"column":43},"skip":true},{"start":{"line":164,"column":47},"end":{"line":164,"column":49},"skip":true}]},"18":{"line":258,"type":"if","locations":[{"start":{"line":258,"column":8},"end":{"line":258,"column":8},"skip":true},{"start":{"line":258,"column":8},"end":{"line":258,"column":8},"skip":true}]},"19":{"line":275,"type":"switch","locations":[{"start":{"line":276,"column":20},"end":{"line":277,"column":64},"skip":true},{"start":{"line":278,"column":20},"end":{"line":279,"column":40},"skip":true},{"start":{"line":280,"column":20},"end":{"line":281,"column":40},"skip":true},{"start":{"line":282,"column":20},"end":{"line":283,"column":39},"skip":true}]},"20":{"line":288,"type":"if","locations":[{"start":{"line":288,"column":8},"end":{"line":288,"column":8},"skip":true},{"start":{"line":288,"column":8},"end":{"line":288,"column":8},"skip":true}]},"21":{"line":288,"type":"binary-expr","locations":[{"start":{"line":288,"column":12},"end":{"line":288,"column":40},"skip":true},{"start":{"line":288,"column":44},"end":{"line":288,"column":67},"skip":true}]},"22":{"line":292,"type":"binary-expr","locations":[{"start":{"line":292,"column":12},"end":{"line":292,"column":50},"skip":true},{"start":{"line":293,"column":12},"end":{"line":293,"column":53},"skip":true}]},"23":{"line":297,"type":"binary-expr","locations":[{"start":{"line":297,"column":12},"end":{"line":297,"column":68},"skip":true},{"start":{"line":298,"column":12},"end":{"line":301,"column":36},"skip":true}]},"24":{"line":303,"type":"binary-expr","locations":[{"start":{"line":303,"column":43},"end":{"line":303,"column":75},"skip":true},{"start":{"line":303,"column":79},"end":{"line":303,"column":81},"skip":true}]},"25":{"line":306,"type":"if","locations":[{"start":{"line":306,"column":8},"end":{"line":306,"column":8},"skip":true},{"start":{"line":306,"column":8},"end":{"line":306,"column":8},"skip":true}]},"26":{"line":310,"type":"if","locations":[{"start":{"line":310,"column":8},"end":{"line":310,"column":8},"skip":true},{"start":{"line":310,"column":8},"end":{"line":310,"column":8},"skip":true}]},"27":{"line":313,"type":"binary-expr","locations":[{"start":{"line":313,"column":27},"end":{"line":313,"column":43},"skip":true},{"start":{"line":313,"column":47},"end":{"line":313,"column":53},"skip":true}]},"28":{"line":317,"type":"if","locations":[{"start":{"line":317,"column":12},"end":{"line":317,"column":12},"skip":true},{"start":{"line":317,"column":12},"end":{"line":317,"column":12},"skip":true}]}},"code":["/*","example.js","","quickstart example","","instruction","    1. save this script as example.js","    2. run the shell command:","        $ npm install npmtest-babel-core && PORT=8081 node example.js","    3. play with the browser-demo on http://127.0.0.1:8081","*/","","","","/* istanbul instrument in package npmtest_babel_core */","/*jslint","    bitwise: true,","    browser: true,","    maxerr: 8,","    maxlen: 96,","    node: true,","    nomen: true,","    regexp: true,","    stupid: true","*/","(function () {","    'use strict';","    var local;","","","","    // run shared js-env code - init-before","    (function () {","        // init local","        local = {};","        // init modeJs","        local.modeJs = (function () {","            try {","                return typeof navigator.userAgent === 'string' &&","                    typeof document.querySelector('body') === 'object' &&","                    typeof XMLHttpRequest.prototype.open === 'function' &&","                    'browser';","            } catch (errorCaughtBrowser) {","                return module.exports &&","                    typeof process.versions.node === 'string' &&","                    typeof require('http').createServer === 'function' &&","                    'node';","            }","        }());","        // init global","        local.global = local.modeJs === 'browser'","            ? window","            : global;","        // init utility2_rollup","        local = local.global.utility2_rollup || (local.modeJs === 'browser'","            ? local.global.utility2_npmtest_babel_core","            : global.utility2_moduleExports);","        // export local","        local.global.local = local;","    }());","    switch (local.modeJs) {","","","","    // init-after","    // run browser js-env code - init-after","    /* istanbul ignore next */","    case 'browser':","        local.testRunBrowser = function (event) {","            if (!event || (event &&","                    event.currentTarget &&","                    event.currentTarget.className &&","                    event.currentTarget.className.includes &&","                    event.currentTarget.className.includes('onreset'))) {","                // reset output","                Array.from(","                    document.querySelectorAll('body > .resettable')","                ).forEach(function (element) {","                    switch (element.tagName) {","                    case 'INPUT':","                    case 'TEXTAREA':","                        element.value = '';","                        break;","                    default:","                        element.textContent = '';","                    }","                });","            }","            switch (event && event.currentTarget && event.currentTarget.id) {","            case 'testRunButton1':","                // show tests","                if (document.querySelector('#testReportDiv1').style.display === 'none') {","                    document.querySelector('#testReportDiv1').style.display = 'block';","                    document.querySelector('#testRunButton1').textContent =","                        'hide internal test';","                    local.modeTest = true;","                    local.testRunDefault(local);","                // hide tests","                } else {","                    document.querySelector('#testReportDiv1').style.display = 'none';","                    document.querySelector('#testRunButton1').textContent = 'run internal test';","                }","                break;","            // custom-case","            default:","                break;","            }","            if (document.querySelector('#inputTextareaEval1') && (!event || (event &&","                    event.currentTarget &&","                    event.currentTarget.className &&","                    event.currentTarget.className.includes &&","                    event.currentTarget.className.includes('oneval')))) {","                // try to eval input-code","                try {","                    /*jslint evil: true*/","                    eval(document.querySelector('#inputTextareaEval1').value);","                } catch (errorCaught) {","                    console.error(errorCaught);","                }","            }","        };","        // log stderr and stdout to #outputTextareaStdout1","        ['error', 'log'].forEach(function (key) {","            console[key + '_original'] = console[key];","            console[key] = function () {","                var element;","                console[key + '_original'].apply(console, arguments);","                element = document.querySelector('#outputTextareaStdout1');","                if (!element) {","                    return;","                }","                // append text to #outputTextareaStdout1","                element.value += Array.from(arguments).map(function (arg) {","                    return typeof arg === 'string'","                        ? arg","                        : JSON.stringify(arg, null, 4);","                }).join(' ') + '\\n';","                // scroll textarea to bottom","                element.scrollTop = element.scrollHeight;","            };","        });","        // init event-handling","        ['change', 'click', 'keyup'].forEach(function (event) {","            Array.from(document.querySelectorAll('.on' + event)).forEach(function (element) {","                element.addEventListener(event, local.testRunBrowser);","            });","        });","        // run tests","        local.testRunBrowser();","        break;","","","","    // run node js-env code - init-after","    /* istanbul ignore next */","    case 'node':","        // export local","        module.exports = local;","        // require modules","        local.fs = require('fs');","        local.http = require('http');","        local.url = require('url');","        // init assets","        local.assetsDict = local.assetsDict || {};","        /* jslint-ignore-begin */","        local.assetsDict['/assets.index.template.html'] = '\\","<!doctype html>\\n\\","<html lang=\"en\">\\n\\","<head>\\n\\","<meta charset=\"UTF-8\">\\n\\","<meta name=\"viewport\" content=\"width=device-width, initial-scale=1\">\\n\\","<title>{{env.npm_package_name}} (v{{env.npm_package_version}})</title>\\n\\","<style>\\n\\","/*csslint\\n\\","    box-sizing: false,\\n\\","    universal-selector: false\\n\\","*/\\n\\","* {\\n\\","    box-sizing: border-box;\\n\\","}\\n\\","body {\\n\\","    background: #dde;\\n\\","    font-family: Arial, Helvetica, sans-serif;\\n\\","    margin: 2rem;\\n\\","}\\n\\","body > * {\\n\\","    margin-bottom: 1rem;\\n\\","}\\n\\",".utility2FooterDiv {\\n\\","    margin-top: 20px;\\n\\","    text-align: center;\\n\\","}\\n\\","</style>\\n\\","<style>\\n\\","/*csslint\\n\\","*/\\n\\","textarea {\\n\\","    font-family: monospace;\\n\\","    height: 10rem;\\n\\","    width: 100%;\\n\\","}\\n\\","textarea[readonly] {\\n\\","    background: #ddd;\\n\\","}\\n\\","</style>\\n\\","</head>\\n\\","<body>\\n\\","<!-- utility2-comment\\n\\","<div id=\"ajaxProgressDiv1\" style=\"background: #d00; height: 2px; left: 0; margin: 0; padding: 0; position: fixed; top: 0; transition: background 0.5s, width 1.5s; width: 25%;\"></div>\\n\\","utility2-comment -->\\n\\","<h1>\\n\\","<!-- utility2-comment\\n\\","    <a\\n\\","        {{#if env.npm_package_homepage}}\\n\\","        href=\"{{env.npm_package_homepage}}\"\\n\\","        {{/if env.npm_package_homepage}}\\n\\","        target=\"_blank\"\\n\\","    >\\n\\","utility2-comment -->\\n\\","        {{env.npm_package_name}} (v{{env.npm_package_version}})\\n\\","<!-- utility2-comment\\n\\","    </a>\\n\\","utility2-comment -->\\n\\","</h1>\\n\\","<h3>{{env.npm_package_description}}</h3>\\n\\","<!-- utility2-comment\\n\\","<h4><a download href=\"assets.app.js\">download standalone app</a></h4>\\n\\","<button class=\"onclick onreset\" id=\"testRunButton1\">run internal test</button><br>\\n\\","<div id=\"testReportDiv1\" style=\"display: none;\"></div>\\n\\","utility2-comment -->\\n\\","\\n\\","\\n\\","\\n\\","<label>stderr and stdout</label>\\n\\","<textarea class=\"resettable\" id=\"outputTextareaStdout1\" readonly></textarea>\\n\\","<!-- utility2-comment\\n\\","{{#if isRollup}}\\n\\","<script src=\"assets.app.js\"></script>\\n\\","{{#unless isRollup}}\\n\\","utility2-comment -->\\n\\","<script src=\"assets.utility2.rollup.js\"></script>\\n\\","<script src=\"jsonp.utility2._stateInit?callback=window.utility2._stateInit\"></script>\\n\\","<script src=\"assets.npmtest_babel_core.rollup.js\"></script>\\n\\","<script src=\"assets.example.js\"></script>\\n\\","<script src=\"assets.test.js\"></script>\\n\\","<!-- utility2-comment\\n\\","{{/if isRollup}}\\n\\","utility2-comment -->\\n\\","<div class=\"utility2FooterDiv\">\\n\\","    [ this app was created with\\n\\","    <a href=\"https://github.com/kaizhu256/node-utility2\" target=\"_blank\">utility2</a>\\n\\","    ]\\n\\","</div>\\n\\","</body>\\n\\","</html>\\n\\","';","        /* jslint-ignore-end */","        if (local.templateRender) {","            local.assetsDict['/'] = local.templateRender(","                local.assetsDict['/assets.index.template.html'],","                {","                    env: local.objectSetDefault(local.env, {","                        npm_package_description: 'the greatest app in the world!',","                        npm_package_name: 'my-app',","                        npm_package_nameAlias: 'my_app',","                        npm_package_version: '0.0.1'","                    })","                }","            );","        } else {","            local.assetsDict['/'] = local.assetsDict['/assets.index.template.html']","                .replace((/\\{\\{env\\.(\\w+?)\\}\\}/g), function (match0, match1) {","                    // jslint-hack","                    String(match0);","                    switch (match1) {","                    case 'npm_package_description':","                        return 'the greatest app in the world!';","                    case 'npm_package_name':","                        return 'my-app';","                    case 'npm_package_nameAlias':","                        return 'my_app';","                    case 'npm_package_version':","                        return '0.0.1';","                    }","                });","        }","        // run the cli","        if (local.global.utility2_rollup || module !== require.main) {","            break;","        }","        local.assetsDict['/assets.example.js'] =","            local.assetsDict['/assets.example.js'] ||","            local.fs.readFileSync(__filename, 'utf8');","        // bug-workaround - long $npm_package_buildCustomOrg","        /* jslint-ignore-begin */","        local.assetsDict['/assets.npmtest_babel_core.rollup.js'] =","            local.assetsDict['/assets.npmtest_babel_core.rollup.js'] ||","            local.fs.readFileSync(","                local.npmtest_babel_core.__dirname + '/lib.npmtest_babel_core.js',","                'utf8'","            ).replace((/^#!/), '//');","        /* jslint-ignore-end */","        local.assetsDict['/favicon.ico'] = local.assetsDict['/favicon.ico'] || '';","        // if $npm_config_timeout_exit exists,","        // then exit this process after $npm_config_timeout_exit ms","        if (Number(process.env.npm_config_timeout_exit)) {","            setTimeout(process.exit, Number(process.env.npm_config_timeout_exit));","        }","        // start server","        if (local.global.utility2_serverHttp1) {","            break;","        }","        process.env.PORT = process.env.PORT || '8081';","        console.error('server starting on port ' + process.env.PORT);","        local.http.createServer(function (request, response) {","            request.urlParsed = local.url.parse(request.url);","            if (local.assetsDict[request.urlParsed.pathname] !== undefined) {","                response.end(local.assetsDict[request.urlParsed.pathname]);","                return;","            }","            response.statusCode = 404;","            response.end();","        }).listen(process.env.PORT);","        break;","    }","}());",""],"l":{"26":2,"28":2,"33":2,"35":2,"37":2,"38":2,"39":2,"44":1,"51":2,"55":2,"59":2,"61":2,"69":1,"70":2,"76":2,"79":2,"82":2,"83":2,"85":1,"89":2,"92":1,"93":1,"94":1,"96":1,"97":1,"100":1,"101":1,"103":1,"106":1,"108":2,"114":1,"116":1,"118":1,"123":1,"124":2,"125":2,"126":3,"127":3,"128":3,"129":3,"130":1,"133":3,"134":3,"139":3,"143":1,"144":3,"145":1,"149":1,"150":1,"158":1,"160":1,"161":1,"162":1,"164":1,"166":1,"258":1,"259":1,"271":1,"274":6,"275":6,"277":1,"279":2,"281":1,"283":2,"288":1,"289":1,"291":1,"296":1,"303":1,"306":1,"307":1,"310":1,"311":1,"313":1,"314":1,"315":1,"316":1,"317":1,"318":1,"319":1,"321":1,"322":1,"324":1}},"/home/travis/build/npmtest/node-npmtest-babel-core/node_modules/babel-core/index.js":{"path":"/home/travis/build/npmtest/node-npmtest-babel-core/node_modules/babel-core/index.js","s":{"1":1},"b":{},"f":{},"fnMap":{},"statementMap":{"1":{"start":{"line":1,"column":0},"end":{"line":1,"column":46}}},"branchMap":{},"code":["module.exports = require(\"./lib/api/node.js\");",""],"l":{"1":1}},"/home/travis/build/npmtest/node-npmtest-babel-core/node_modules/babel-core/lib/api/node.js":{"path":"/home/travis/build/npmtest/node-npmtest-babel-core/node_modules/babel-core/lib/api/node.js","s":{"1":1,"2":1,"3":1,"4":1,"5":10,"6":1,"7":1,"8":6,"9":1,"10":1,"11":6,"12":1,"13":1,"14":6,"15":1,"16":1,"17":4,"18":1,"19":1,"20":4,"21":1,"22":1,"23":6,"24":1,"25":1,"26":1,"27":1,"28":1,"29":1,"30":1,"31":1,"32":1,"33":1,"34":1,"35":1,"36":1,"37":1,"38":1,"39":1,"40":1,"41":1,"42":3,"43":3,"44":0,"45":0,"46":0,"47":0,"48":0,"49":0,"50":0,"51":1,"52":40,"53":1,"54":1,"55":1,"56":1,"57":1,"58":1,"59":0,"60":1,"61":1,"62":1,"63":1,"64":1,"65":1,"66":0,"67":0,"68":0,"69":0,"70":0,"71":0,"72":0,"73":0,"74":0,"75":0,"76":0,"77":0,"78":0,"79":1,"80":0,"81":0,"82":0},"b":{"1":[3,0],"2":[3,3],"3":[0,0],"4":[0,0],"5":[11,29],"6":[40,40],"7":[0,0],"8":[0,0],"9":[0,0],"10":[0,0],"11":[0,0]},"f":{"1":10,"2":6,"3":6,"4":6,"5":4,"6":4,"7":6,"8":3,"9":40,"10":0,"11":0,"12":0,"13":0},"fnMap":{"1":{"name":"get","line":10,"loc":{"start":{"line":10,"column":7},"end":{"line":10,"column":22}}},"2":{"name":"get","line":19,"loc":{"start":{"line":19,"column":7},"end":{"line":19,"column":22}}},"3":{"name":"get","line":28,"loc":{"start":{"line":28,"column":7},"end":{"line":28,"column":22}}},"4":{"name":"get","line":37,"loc":{"start":{"line":37,"column":7},"end":{"line":37,"column":22}}},"5":{"name":"get","line":46,"loc":{"start":{"line":46,"column":7},"end":{"line":46,"column":22}}},"6":{"name":"get","line":55,"loc":{"start":{"line":55,"column":7},"end":{"line":55,"column":22}}},"7":{"name":"get","line":64,"loc":{"start":{"line":64,"column":7},"end":{"line":64,"column":22}}},"8":{"name":"_interopRequireWildcard","line":100,"loc":{"start":{"line":100,"column":0},"end":{"line":100,"column":38}}},"9":{"name":"_interopRequireDefault","line":102,"loc":{"start":{"line":102,"column":0},"end":{"line":102,"column":37}}},"10":{"name":"Plugin","line":109,"loc":{"start":{"line":109,"column":0},"end":{"line":109,"column":23}}},"11":{"name":"transformFile","line":121,"loc":{"start":{"line":121,"column":0},"end":{"line":121,"column":49}}},"12":{"name":"(anonymous_12)","line":129,"loc":{"start":{"line":129,"column":34},"end":{"line":129,"column":55}}},"13":{"name":"transformFileSync","line":148,"loc":{"start":{"line":148,"column":0},"end":{"line":148,"column":37}}}},"statementMap":{"1":{"start":{"line":3,"column":0},"end":{"line":3,"column":26}},"2":{"start":{"line":4,"column":0},"end":{"line":4,"column":336}},"3":{"start":{"line":6,"column":0},"end":{"line":6,"column":46}},"4":{"start":{"line":8,"column":0},"end":{"line":13,"column":3}},"5":{"start":{"line":11,"column":4},"end":{"line":11,"column":49}},"6":{"start":{"line":15,"column":0},"end":{"line":15,"column":63}},"7":{"start":{"line":17,"column":0},"end":{"line":22,"column":3}},"8":{"start":{"line":20,"column":4},"end":{"line":20,"column":51}},"9":{"start":{"line":24,"column":0},"end":{"line":24,"column":71}},"10":{"start":{"line":26,"column":0},"end":{"line":31,"column":3}},"11":{"start":{"line":29,"column":4},"end":{"line":29,"column":65}},"12":{"start":{"line":33,"column":0},"end":{"line":33,"column":47}},"13":{"start":{"line":35,"column":0},"end":{"line":40,"column":3}},"14":{"start":{"line":38,"column":4},"end":{"line":38,"column":58}},"15":{"start":{"line":42,"column":0},"end":{"line":42,"column":58}},"16":{"start":{"line":44,"column":0},"end":{"line":49,"column":3}},"17":{"start":{"line":47,"column":4},"end":{"line":47,"column":58}},"18":{"start":{"line":51,"column":0},"end":{"line":51,"column":58}},"19":{"start":{"line":53,"column":0},"end":{"line":58,"column":3}},"20":{"start":{"line":56,"column":4},"end":{"line":56,"column":58}},"21":{"start":{"line":60,"column":0},"end":{"line":60,"column":40}},"22":{"start":{"line":62,"column":0},"end":{"line":67,"column":3}},"23":{"start":{"line":65,"column":4},"end":{"line":65,"column":28}},"24":{"start":{"line":68,"column":0},"end":{"line":68,"column":24}},"25":{"start":{"line":69,"column":0},"end":{"line":69,"column":38}},"26":{"start":{"line":70,"column":0},"end":{"line":70,"column":46}},"27":{"start":{"line":72,"column":0},"end":{"line":72,"column":24}},"28":{"start":{"line":74,"column":0},"end":{"line":74,"column":39}},"29":{"start":{"line":76,"column":0},"end":{"line":76,"column":31}},"30":{"start":{"line":78,"column":0},"end":{"line":78,"column":42}},"31":{"start":{"line":80,"column":0},"end":{"line":80,"column":47}},"32":{"start":{"line":82,"column":0},"end":{"line":82,"column":55}},"33":{"start":{"line":84,"column":0},"end":{"line":84,"column":41}},"34":{"start":{"line":86,"column":0},"end":{"line":86,"column":45}},"35":{"start":{"line":88,"column":0},"end":{"line":88,"column":47}},"36":{"start":{"line":90,"column":0},"end":{"line":90,"column":61}},"37":{"start":{"line":92,"column":0},"end":{"line":92,"column":78}},"38":{"start":{"line":94,"column":0},"end":{"line":94,"column":61}},"39":{"start":{"line":96,"column":0},"end":{"line":96,"column":54}},"40":{"start":{"line":98,"column":0},"end":{"line":98,"column":51}},"41":{"start":{"line":100,"column":0},"end":{"line":100,"column":269}},"42":{"start":{"line":100,"column":40},"end":{"line":100,"column":267}},"43":{"start":{"line":100,"column":69},"end":{"line":100,"column":80}},"44":{"start":{"line":100,"column":90},"end":{"line":100,"column":106}},"45":{"start":{"line":100,"column":107},"end":{"line":100,"column":228}},"46":{"start":{"line":100,"column":126},"end":{"line":100,"column":226}},"47":{"start":{"line":100,"column":149},"end":{"line":100,"column":224}},"48":{"start":{"line":100,"column":201},"end":{"line":100,"column":224}},"49":{"start":{"line":100,"column":229},"end":{"line":100,"column":250}},"50":{"start":{"line":100,"column":251},"end":{"line":100,"column":265}},"51":{"start":{"line":102,"column":0},"end":{"line":102,"column":95}},"52":{"start":{"line":102,"column":39},"end":{"line":102,"column":93}},"53":{"start":{"line":104,"column":0},"end":{"line":104,"column":20}},"54":{"start":{"line":105,"column":0},"end":{"line":105,"column":28}},"55":{"start":{"line":106,"column":0},"end":{"line":106,"column":18}},"56":{"start":{"line":107,"column":0},"end":{"line":107,"column":43}},"57":{"start":{"line":108,"column":0},"end":{"line":108,"column":48}},"58":{"start":{"line":109,"column":0},"end":{"line":111,"column":1}},"59":{"start":{"line":110,"column":2},"end":{"line":110,"column":83}},"60":{"start":{"line":113,"column":0},"end":{"line":113,"column":38}},"61":{"start":{"line":116,"column":0},"end":{"line":116,"column":40}},"62":{"start":{"line":117,"column":0},"end":{"line":117,"column":64}},"63":{"start":{"line":118,"column":0},"end":{"line":118,"column":70}},"64":{"start":{"line":119,"column":0},"end":{"line":119,"column":91}},"65":{"start":{"line":121,"column":0},"end":{"line":146,"column":1}},"66":{"start":{"line":122,"column":2},"end":{"line":125,"column":3}},"67":{"start":{"line":123,"column":4},"end":{"line":123,"column":20}},"68":{"start":{"line":124,"column":4},"end":{"line":124,"column":14}},"69":{"start":{"line":127,"column":2},"end":{"line":127,"column":27}},"70":{"start":{"line":129,"column":2},"end":{"line":145,"column":5}},"71":{"start":{"line":130,"column":4},"end":{"line":130,"column":24}},"72":{"start":{"line":132,"column":4},"end":{"line":138,"column":5}},"73":{"start":{"line":133,"column":6},"end":{"line":137,"column":7}},"74":{"start":{"line":134,"column":8},"end":{"line":134,"column":39}},"75":{"start":{"line":136,"column":8},"end":{"line":136,"column":19}},"76":{"start":{"line":140,"column":4},"end":{"line":144,"column":5}},"77":{"start":{"line":141,"column":6},"end":{"line":141,"column":20}},"78":{"start":{"line":143,"column":6},"end":{"line":143,"column":29}},"79":{"start":{"line":148,"column":0},"end":{"line":153,"column":1}},"80":{"start":{"line":149,"column":2},"end":{"line":149,"column":84}},"81":{"start":{"line":151,"column":2},"end":{"line":151,"column":27}},"82":{"start":{"line":152,"column":2},"end":{"line":152,"column":70}}},"branchMap":{"1":{"line":100,"type":"if","locations":[{"start":{"line":100,"column":40},"end":{"line":100,"column":40}},{"start":{"line":100,"column":40},"end":{"line":100,"column":40}}]},"2":{"line":100,"type":"binary-expr","locations":[{"start":{"line":100,"column":44},"end":{"line":100,"column":47}},{"start":{"line":100,"column":51},"end":{"line":100,"column":65}}]},"3":{"line":100,"type":"if","locations":[{"start":{"line":100,"column":107},"end":{"line":100,"column":107}},{"start":{"line":100,"column":107},"end":{"line":100,"column":107}}]},"4":{"line":100,"type":"if","locations":[{"start":{"line":100,"column":149},"end":{"line":100,"column":149}},{"start":{"line":100,"column":149},"end":{"line":100,"column":149}}]},"5":{"line":102,"type":"cond-expr","locations":[{"start":{"line":102,"column":70},"end":{"line":102,"column":73}},{"start":{"line":102,"column":76},"end":{"line":102,"column":92}}]},"6":{"line":102,"type":"binary-expr","locations":[{"start":{"line":102,"column":46},"end":{"line":102,"column":49}},{"start":{"line":102,"column":53},"end":{"line":102,"column":67}}]},"7":{"line":122,"type":"if","locations":[{"start":{"line":122,"column":2},"end":{"line":122,"column":2}},{"start":{"line":122,"column":2},"end":{"line":122,"column":2}}]},"8":{"line":132,"type":"if","locations":[{"start":{"line":132,"column":4},"end":{"line":132,"column":4}},{"start":{"line":132,"column":4},"end":{"line":132,"column":4}}]},"9":{"line":140,"type":"if","locations":[{"start":{"line":140,"column":4},"end":{"line":140,"column":4}},{"start":{"line":140,"column":4},"end":{"line":140,"column":4}}]},"10":{"line":149,"type":"cond-expr","locations":[{"start":{"line":149,"column":66},"end":{"line":149,"column":78}},{"start":{"line":149,"column":81},"end":{"line":149,"column":83}}]},"11":{"line":149,"type":"binary-expr","locations":[{"start":{"line":149,"column":13},"end":{"line":149,"column":33}},{"start":{"line":149,"column":37},"end":{"line":149,"column":63}}]}},"code":["\"use strict\";","","exports.__esModule = true;","exports.transformFromAst = exports.transform = exports.analyse = exports.Pipeline = exports.OptionManager = exports.traverse = exports.types = exports.messages = exports.util = exports.version = exports.resolvePreset = exports.resolvePlugin = exports.template = exports.buildExternalHelpers = exports.options = exports.File = undefined;","","var _file = require(\"../transformation/file\");","","Object.defineProperty(exports, \"File\", {","  enumerable: true,","  get: function get() {","    return _interopRequireDefault(_file).default;","  }","});","","var _config = require(\"../transformation/file/options/config\");","","Object.defineProperty(exports, \"options\", {","  enumerable: true,","  get: function get() {","    return _interopRequireDefault(_config).default;","  }","});","","var _buildExternalHelpers = require(\"../tools/build-external-helpers\");","","Object.defineProperty(exports, \"buildExternalHelpers\", {","  enumerable: true,","  get: function get() {","    return _interopRequireDefault(_buildExternalHelpers).default;","  }","});","","var _babelTemplate = require(\"babel-template\");","","Object.defineProperty(exports, \"template\", {","  enumerable: true,","  get: function get() {","    return _interopRequireDefault(_babelTemplate).default;","  }","});","","var _resolvePlugin = require(\"../helpers/resolve-plugin\");","","Object.defineProperty(exports, \"resolvePlugin\", {","  enumerable: true,","  get: function get() {","    return _interopRequireDefault(_resolvePlugin).default;","  }","});","","var _resolvePreset = require(\"../helpers/resolve-preset\");","","Object.defineProperty(exports, \"resolvePreset\", {","  enumerable: true,","  get: function get() {","    return _interopRequireDefault(_resolvePreset).default;","  }","});","","var _package = require(\"../../package\");","","Object.defineProperty(exports, \"version\", {","  enumerable: true,","  get: function get() {","    return _package.version;","  }","});","exports.Plugin = Plugin;","exports.transformFile = transformFile;","exports.transformFileSync = transformFileSync;","","var _fs = require(\"fs\");","","var _fs2 = _interopRequireDefault(_fs);","","var _util = require(\"../util\");","","var util = _interopRequireWildcard(_util);","","var _babelMessages = require(\"babel-messages\");","","var messages = _interopRequireWildcard(_babelMessages);","","var _babelTypes = require(\"babel-types\");","","var t = _interopRequireWildcard(_babelTypes);","","var _babelTraverse = require(\"babel-traverse\");","","var _babelTraverse2 = _interopRequireDefault(_babelTraverse);","","var _optionManager = require(\"../transformation/file/options/option-manager\");","","var _optionManager2 = _interopRequireDefault(_optionManager);","","var _pipeline = require(\"../transformation/pipeline\");","","var _pipeline2 = _interopRequireDefault(_pipeline);","","function _interopRequireWildcard(obj) { if (obj && obj.__esModule) { return obj; } else { var newObj = {}; if (obj != null) { for (var key in obj) { if (Object.prototype.hasOwnProperty.call(obj, key)) newObj[key] = obj[key]; } } newObj.default = obj; return newObj; } }","","function _interopRequireDefault(obj) { return obj && obj.__esModule ? obj : { default: obj }; }","","exports.util = util;","exports.messages = messages;","exports.types = t;","exports.traverse = _babelTraverse2.default;","exports.OptionManager = _optionManager2.default;","function Plugin(alias) {","  throw new Error(\"The (\" + alias + \") Babel 5 plugin is being run with Babel 6.\");","}","","exports.Pipeline = _pipeline2.default;","","","var pipeline = new _pipeline2.default();","var analyse = exports.analyse = pipeline.analyse.bind(pipeline);","var transform = exports.transform = pipeline.transform.bind(pipeline);","var transformFromAst = exports.transformFromAst = pipeline.transformFromAst.bind(pipeline);","","function transformFile(filename, opts, callback) {","  if (typeof opts === \"function\") {","    callback = opts;","    opts = {};","  }","","  opts.filename = filename;","","  _fs2.default.readFile(filename, function (err, code) {","    var result = void 0;","","    if (!err) {","      try {","        result = transform(code, opts);","      } catch (_err) {","        err = _err;","      }","    }","","    if (err) {","      callback(err);","    } else {","      callback(null, result);","    }","  });","}","","function transformFileSync(filename) {","  var opts = arguments.length > 1 && arguments[1] !== undefined ? arguments[1] : {};","","  opts.filename = filename;","  return transform(_fs2.default.readFileSync(filename, \"utf8\"), opts);","}"],"l":{"3":1,"4":1,"6":1,"8":1,"11":10,"15":1,"17":1,"20":6,"24":1,"26":1,"29":6,"33":1,"35":1,"38":6,"42":1,"44":1,"47":4,"51":1,"53":1,"56":4,"60":1,"62":1,"65":6,"68":1,"69":1,"70":1,"72":1,"74":1,"76":1,"78":1,"80":1,"82":1,"84":1,"86":1,"88":1,"90":1,"92":1,"94":1,"96":1,"98":1,"100":3,"102":40,"104":1,"105":1,"106":1,"107":1,"108":1,"109":1,"110":0,"113":1,"116":1,"117":1,"118":1,"119":1,"121":1,"122":0,"123":0,"124":0,"127":0,"129":0,"130":0,"132":0,"133":0,"134":0,"136":0,"140":0,"141":0,"143":0,"148":1,"149":0,"151":0,"152":0}},"/home/travis/build/npmtest/node-npmtest-babel-core/node_modules/babel-core/lib/transformation/file/index.js":{"path":"/home/travis/build/npmtest/node-npmtest-babel-core/node_modules/babel-core/lib/transformation/file/index.js","s":{"1":1,"2":1,"3":1,"4":1,"5":1,"6":1,"7":1,"8":1,"9":1,"10":1,"11":1,"12":1,"13":1,"14":1,"15":1,"16":1,"17":1,"18":1,"19":1,"20":1,"21":1,"22":1,"23":1,"24":1,"25":1,"26":1,"27":1,"28":1,"29":1,"30":1,"31":1,"32":1,"33":1,"34":1,"35":1,"36":1,"37":1,"38":1,"39":1,"40":1,"41":1,"42":1,"43":1,"44":1,"45":1,"46":1,"47":1,"48":1,"49":1,"50":1,"51":1,"52":1,"53":3,"54":3,"55":0,"56":0,"57":0,"58":0,"59":0,"60":0,"61":0,"62":1,"63":21,"64":1,"65":1,"66":1,"67":0,"68":0,"69":0,"70":0,"71":1,"72":1,"73":1,"74":0,"75":0,"76":0,"77":0,"78":0,"79":0,"80":0,"81":0,"82":0,"83":0,"84":0,"85":0,"86":0,"87":0,"88":0,"89":0,"90":0,"91":0,"92":0,"93":0,"94":0,"95":0,"96":0,"97":0,"98":0,"99":0,"100":0,"101":0,"102":0,"103":1,"104":0,"105":0,"106":0,"107":0,"108":0,"109":0,"110":0,"111":0,"112":0,"113":0,"114":0,"115":0,"116":0,"117":0,"118":0,"119":0,"120":0,"121":1,"122":0,"123":0,"124":0,"125":0,"126":0,"127":0,"128":0,"129":0,"130":0,"131":0,"132":0,"133":0,"134":0,"135":0,"136":0,"137":1,"138":0,"139":0,"140":0,"141":0,"142":0,"143":0,"144":0,"145":0,"146":0,"147":0,"148":0,"149":0,"150":0,"151":0,"152":0,"153":0,"154":0,"155":0,"156":0,"157":0,"158":0,"159":0,"160":0,"161":1,"162":0,"163":0,"164":0,"165":0,"166":0,"167":0,"168":0,"169":0,"170":0,"171":0,"172":0,"173":0,"174":0,"175":0,"176":0,"177":0,"178":0,"179":0,"180":0,"181":0,"182":1,"183":0,"184":0,"185":0,"186":0,"187":1,"188":0,"189":0,"190":0,"191":0,"192":0,"193":0,"194":0,"195":0,"196":0,"197":0,"198":0,"199":0,"200":0,"201":0,"202":0,"203":0,"204":1,"205":0,"206":0,"207":0,"208":0,"209":0,"210":0,"211":0,"212":0,"213":0,"214":0,"215":0,"216":0,"217":0,"218":0,"219":0,"220":0,"221":0,"222":0,"223":0,"224":0,"225":0,"226":0,"227":0,"228":0,"229":0,"230":1,"231":0,"232":0,"233":0,"234":0,"235":0,"236":0,"237":0,"238":0,"239":0,"240":0,"241":0,"242":0,"243":1,"244":0,"245":0,"246":0,"247":0,"248":0,"249":0,"250":0,"251":0,"252":0,"253":0,"254":0,"255":1,"256":0,"257":0,"258":0,"259":0,"260":0,"261":0,"262":0,"263":0,"264":0,"265":0,"266":0,"267":0,"268":0,"269":0,"270":1,"271":0,"272":0,"273":0,"274":0,"275":0,"276":0,"277":0,"278":0,"279":0,"280":0,"281":0,"282":0,"283":0,"284":0,"285":0,"286":0,"287":0,"288":0,"289":1,"290":0,"291":0,"292":0,"293":0,"294":1,"295":0,"296":0,"297":0,"298":1,"299":0,"300":0,"301":0,"302":0,"303":0,"304":0,"305":0,"306":0,"307":0,"308":1,"309":0,"310":0,"311":0,"312":0,"313":0,"314":0,"315":0,"316":0,"317":0,"318":0,"319":0,"320":0,"321":0,"322":0,"323":0,"324":0,"325":0,"326":0,"327":0,"328":1,"329":0,"330":0,"331":0,"332":1,"333":0,"334":0,"335":0,"336":1,"337":0,"338":0,"339":1,"340":0,"341":0,"342":0,"343":0,"344":0,"345":0,"346":0,"347":0,"348":0,"349":0,"350":0,"351":0,"352":0,"353":0,"354":0,"355":1,"356":0,"357":0,"358":0,"359":0,"360":0,"361":0,"362":0,"363":1,"364":0,"365":0,"366":0,"367":0,"368":1,"369":0,"370":0,"371":0,"372":0,"373":0,"374":0,"375":0,"376":0,"377":0,"378":1,"379":0,"380":0,"381":0,"382":0,"383":0,"384":0,"385":0,"386":0,"387":0,"388":0,"389":0,"390":0,"391":0,"392":0,"393":0,"394":0,"395":0,"396":0,"397":0,"398":0,"399":0,"400":0,"401":0,"402":0,"403":0,"404":0,"405":0,"406":0,"407":1,"408":1,"409":1},"b":{"1":[3,0],"2":[3,3],"3":[0,0],"4":[0,0],"5":[9,12],"6":[21,21],"7":[0,0],"8":[0,0],"9":[0,0],"10":[0,0],"11":[0,0],"12":[0,0],"13":[0,0],"14":[0,0],"15":[0,0],"16":[0,0],"17":[0,0],"18":[0,0],"19":[0,0],"20":[0,0],"21":[0,0],"22":[0,0],"23":[0,0],"24":[0,0],"25":[0,0],"26":[0,0],"27":[0,0],"28":[0,0],"29":[0,0],"30":[0,0],"31":[0,0],"32":[0,0],"33":[0,0],"34":[0,0],"35":[0,0],"36":[0,0],"37":[0,0],"38":[0,0],"39":[0,0],"40":[0,0],"41":[0,0],"42":[0,0],"43":[0,0],"44":[0,0],"45":[0,0],"46":[0,0],"47":[0,0],"48":[0,0],"49":[0,0,0],"50":[0,0],"51":[0,0],"52":[0,0],"53":[0,0],"54":[0,0],"55":[0,0],"56":[0,0],"57":[0,0],"58":[0,0],"59":[0,0],"60":[0,0],"61":[0,0],"62":[0,0],"63":[0,0],"64":[0,0],"65":[0,0],"66":[0,0],"67":[0,0],"68":[0,0],"69":[0,0],"70":[0,0],"71":[0,0],"72":[0,0],"73":[0,0],"74":[0,0],"75":[0,0],"76":[0,0],"77":[0,0],"78":[0,0],"79":[0,0],"80":[0,0],"81":[0,0],"82":[0,0],"83":[0,0],"84":[0,0],"85":[0,0],"86":[0,0],"87":[0,0],"88":[0,0]},"f":{"1":3,"2":21,"3":0,"4":1,"5":0,"6":0,"7":0,"8":0,"9":0,"10":0,"11":0,"12":0,"13":0,"14":0,"15":0,"16":0,"17":0,"18":0,"19":0,"20":0,"21":0,"22":0,"23":0,"24":0,"25":0,"26":0,"27":0,"28":0,"29":0,"30":0,"31":0,"32":0},"fnMap":{"1":{"name":"_interopRequireWildcard","line":104,"loc":{"start":{"line":104,"column":0},"end":{"line":104,"column":38}}},"2":{"name":"_interopRequireDefault","line":106,"loc":{"start":{"line":106,"column":0},"end":{"line":106,"column":37}}},"3":{"name":"enter","line":113,"loc":{"start":{"line":113,"column":9},"end":{"line":113,"column":37}}},"4":{"name":"(anonymous_4)","line":122,"loc":{"start":{"line":122,"column":11},"end":{"line":122,"column":29}}},"5":{"name":"File","line":125,"loc":{"start":{"line":125,"column":2},"end":{"line":125,"column":18}}},"6":{"name":"(anonymous_6)","line":150,"loc":{"start":{"line":150,"column":33},"end":{"line":150,"column":55}}},"7":{"name":"getMetadata","line":185,"loc":{"start":{"line":185,"column":31},"end":{"line":185,"column":54}}},"8":{"name":"initOptions","line":211,"loc":{"start":{"line":211,"column":31},"end":{"line":211,"column":58}}},"9":{"name":"buildPluginsForOptions","line":250,"loc":{"start":{"line":250,"column":42},"end":{"line":250,"column":80}}},"10":{"name":"getModuleName","line":288,"loc":{"start":{"line":288,"column":33},"end":{"line":288,"column":58}}},"11":{"name":"resolveModuleSource","line":327,"loc":{"start":{"line":327,"column":39},"end":{"line":327,"column":76}}},"12":{"name":"addImport","line":333,"loc":{"start":{"line":333,"column":29},"end":{"line":333,"column":66}}},"13":{"name":"addHelper","line":362,"loc":{"start":{"line":362,"column":29},"end":{"line":362,"column":54}}},"14":{"name":"addTemplateObject","line":401,"loc":{"start":{"line":401,"column":37},"end":{"line":401,"column":90}}},"15":{"name":"(anonymous_15)","line":402,"loc":{"start":{"line":402,"column":37},"end":{"line":402,"column":55}}},"16":{"name":"buildCodeFrameError","line":422,"loc":{"start":{"line":422,"column":39},"end":{"line":422,"column":79}}},"17":{"name":"mergeSourceMap","line":446,"loc":{"start":{"line":446,"column":34},"end":{"line":446,"column":63}}},"18":{"name":"(anonymous_18)","line":460,"loc":{"start":{"line":460,"column":35},"end":{"line":460,"column":54}}},"19":{"name":"parse","line":488,"loc":{"start":{"line":488,"column":25},"end":{"line":488,"column":46}}},"20":{"name":"parse","line":509,"loc":{"start":{"line":509,"column":17},"end":{"line":509,"column":40}}},"21":{"name":"_addAst","line":522,"loc":{"start":{"line":522,"column":27},"end":{"line":522,"column":49}}},"22":{"name":"addAst","line":535,"loc":{"start":{"line":535,"column":26},"end":{"line":535,"column":47}}},"23":{"name":"transform","line":541,"loc":{"start":{"line":541,"column":29},"end":{"line":541,"column":50}}},"24":{"name":"wrap","line":557,"loc":{"start":{"line":557,"column":24},"end":{"line":557,"column":54}}},"25":{"name":"addCode","line":594,"loc":{"start":{"line":594,"column":27},"end":{"line":594,"column":50}}},"26":{"name":"parseCode","line":600,"loc":{"start":{"line":600,"column":29},"end":{"line":600,"column":50}}},"27":{"name":"shouldIgnore","line":606,"loc":{"start":{"line":606,"column":32},"end":{"line":606,"column":56}}},"28":{"name":"call","line":611,"loc":{"start":{"line":611,"column":24},"end":{"line":611,"column":57}}},"29":{"name":"parseInputSourceMap","line":632,"loc":{"start":{"line":632,"column":39},"end":{"line":632,"column":74}}},"30":{"name":"parseShebang","line":646,"loc":{"start":{"line":646,"column":32},"end":{"line":646,"column":56}}},"31":{"name":"makeResult","line":654,"loc":{"start":{"line":654,"column":30},"end":{"line":654,"column":57}}},"32":{"name":"generate","line":684,"loc":{"start":{"line":684,"column":28},"end":{"line":684,"column":48}}}},"statementMap":{"1":{"start":{"line":3,"column":0},"end":{"line":3,"column":26}},"2":{"start":{"line":4,"column":0},"end":{"line":4,"column":25}},"3":{"start":{"line":6,"column":0},"end":{"line":6,"column":66}},"4":{"start":{"line":8,"column":0},"end":{"line":8,"column":58}},"5":{"start":{"line":10,"column":0},"end":{"line":10,"column":61}},"6":{"start":{"line":12,"column":0},"end":{"line":12,"column":47}},"7":{"start":{"line":14,"column":0},"end":{"line":14,"column":61}},"8":{"start":{"line":16,"column":0},"end":{"line":16,"column":47}},"9":{"start":{"line":18,"column":0},"end":{"line":18,"column":71}},"10":{"start":{"line":20,"column":0},"end":{"line":20,"column":64}},"11":{"start":{"line":22,"column":0},"end":{"line":22,"column":93}},"12":{"start":{"line":24,"column":0},"end":{"line":24,"column":86}},"13":{"start":{"line":26,"column":0},"end":{"line":26,"column":59}},"14":{"start":{"line":28,"column":0},"end":{"line":28,"column":52}},"15":{"start":{"line":30,"column":0},"end":{"line":30,"column":45}},"16":{"start":{"line":32,"column":0},"end":{"line":32,"column":59}},"17":{"start":{"line":34,"column":0},"end":{"line":34,"column":38}},"18":{"start":{"line":36,"column":0},"end":{"line":36,"column":57}},"19":{"start":{"line":38,"column":0},"end":{"line":38,"column":54}},"20":{"start":{"line":40,"column":0},"end":{"line":40,"column":67}},"21":{"start":{"line":42,"column":0},"end":{"line":42,"column":57}},"22":{"start":{"line":44,"column":0},"end":{"line":44,"column":61}},"23":{"start":{"line":46,"column":0},"end":{"line":46,"column":44}},"24":{"start":{"line":48,"column":0},"end":{"line":48,"column":55}},"25":{"start":{"line":50,"column":0},"end":{"line":50,"column":47}},"26":{"start":{"line":52,"column":0},"end":{"line":52,"column":61}},"27":{"start":{"line":54,"column":0},"end":{"line":54,"column":39}},"28":{"start":{"line":56,"column":0},"end":{"line":56,"column":53}},"29":{"start":{"line":58,"column":0},"end":{"line":58,"column":49}},"30":{"start":{"line":60,"column":0},"end":{"line":60,"column":63}},"31":{"start":{"line":62,"column":0},"end":{"line":62,"column":50}},"32":{"start":{"line":64,"column":0},"end":{"line":64,"column":63}},"33":{"start":{"line":66,"column":0},"end":{"line":66,"column":43}},"34":{"start":{"line":68,"column":0},"end":{"line":68,"column":51}},"35":{"start":{"line":70,"column":0},"end":{"line":70,"column":34}},"36":{"start":{"line":72,"column":0},"end":{"line":72,"column":47}},"37":{"start":{"line":74,"column":0},"end":{"line":74,"column":36}},"38":{"start":{"line":76,"column":0},"end":{"line":76,"column":45}},"39":{"start":{"line":78,"column":0},"end":{"line":78,"column":34}},"40":{"start":{"line":80,"column":0},"end":{"line":80,"column":34}},"41":{"start":{"line":82,"column":0},"end":{"line":82,"column":42}},"42":{"start":{"line":84,"column":0},"end":{"line":84,"column":28}},"43":{"start":{"line":86,"column":0},"end":{"line":86,"column":43}},"44":{"start":{"line":88,"column":0},"end":{"line":88,"column":41}},"45":{"start":{"line":90,"column":0},"end":{"line":90,"column":45}},"46":{"start":{"line":92,"column":0},"end":{"line":92,"column":48}},"47":{"start":{"line":94,"column":0},"end":{"line":94,"column":49}},"48":{"start":{"line":96,"column":0},"end":{"line":96,"column":61}},"49":{"start":{"line":98,"column":0},"end":{"line":98,"column":55}},"50":{"start":{"line":100,"column":0},"end":{"line":100,"column":71}},"51":{"start":{"line":102,"column":0},"end":{"line":102,"column":65}},"52":{"start":{"line":104,"column":0},"end":{"line":104,"column":269}},"53":{"start":{"line":104,"column":40},"end":{"line":104,"column":267}},"54":{"start":{"line":104,"column":69},"end":{"line":104,"column":80}},"55":{"start":{"line":104,"column":90},"end":{"line":104,"column":106}},"56":{"start":{"line":104,"column":107},"end":{"line":104,"column":228}},"57":{"start":{"line":104,"column":126},"end":{"line":104,"column":226}},"58":{"start":{"line":104,"column":149},"end":{"line":104,"column":224}},"59":{"start":{"line":104,"column":201},"end":{"line":104,"column":224}},"60":{"start":{"line":104,"column":229},"end":{"line":104,"column":250}},"61":{"start":{"line":104,"column":251},"end":{"line":104,"column":265}},"62":{"start":{"line":106,"column":0},"end":{"line":106,"column":95}},"63":{"start":{"line":106,"column":39},"end":{"line":106,"column":93}},"64":{"start":{"line":108,"column":0},"end":{"line":108,"column":27}},"65":{"start":{"line":110,"column":0},"end":{"line":110,"column":77}},"66":{"start":{"line":112,"column":0},"end":{"line":120,"column":2}},"67":{"start":{"line":114,"column":4},"end":{"line":114,"column":28}},"68":{"start":{"line":115,"column":4},"end":{"line":118,"column":5}},"69":{"start":{"line":116,"column":6},"end":{"line":116,"column":22}},"70":{"start":{"line":117,"column":6},"end":{"line":117,"column":18}},"71":{"start":{"line":122,"column":0},"end":{"line":734,"column":19}},"72":{"start":{"line":123,"column":2},"end":{"line":123,"column":40}},"73":{"start":{"line":125,"column":2},"end":{"line":183,"column":3}},"74":{"start":{"line":126,"column":4},"end":{"line":126,"column":86}},"75":{"start":{"line":127,"column":4},"end":{"line":127,"column":32}},"76":{"start":{"line":128,"column":4},"end":{"line":128,"column":46}},"77":{"start":{"line":130,"column":4},"end":{"line":130,"column":82}},"78":{"start":{"line":132,"column":4},"end":{"line":132,"column":30}},"79":{"start":{"line":134,"column":4},"end":{"line":134,"column":72}},"80":{"start":{"line":135,"column":4},"end":{"line":135,"column":41}},"81":{"start":{"line":137,"column":4},"end":{"line":141,"column":6}},"82":{"start":{"line":143,"column":4},"end":{"line":143,"column":30}},"83":{"start":{"line":144,"column":4},"end":{"line":144,"column":28}},"84":{"start":{"line":146,"column":4},"end":{"line":146,"column":45}},"85":{"start":{"line":148,"column":4},"end":{"line":155,"column":5}},"86":{"start":{"line":149,"column":6},"end":{"line":149,"column":31}},"87":{"start":{"line":150,"column":6},"end":{"line":154,"column":9}},"88":{"start":{"line":151,"column":8},"end":{"line":151,"column":97}},"89":{"start":{"line":152,"column":8},"end":{"line":152,"column":48}},"90":{
[...]
","  if (ast) {","    if (ast.type === \"Program\") {","      return t.file(ast, comments || [], tokens || []);","    } else if (ast.type === \"File\") {","      return ast;","    }","  }","","  throw new Error(\"Not a valid ast?\");","};","","var _babelTypes = require(\"babel-types\");","","var t = _interopRequireWildcard(_babelTypes);","","function _interopRequireWildcard(obj) { if (obj && obj.__esModule) { return obj; } else { var newObj = {}; if (obj != null) { for (var key in obj) { if (Object.prototype.hasOwnProperty.call(obj, key)) newObj[key] = obj[key]; } } newObj.default = obj; return newObj; } }","","module.exports = exports[\"default\"];"],"l":{"3":1,"5":1,"6":0,"7":0,"8":0,"9":0,"10":0,"14":0,"17":1,"19":1,"21":1,"23":1}},"/home/travis/build/npmtest/node-npmtest-babel-core/node_modules/babel-core/register.js":{"path":"/home/travis/build/npmtest/node-npmtest-babel-core/node_modules/babel-core/register.js","s":{"1":1},"b":{},"f":{},"fnMap":{},"statementMap":{"1":{"start":{"line":3,"column":0},"end":{"line":3,"column":43}}},"branchMap":{},"code":["/* eslint max-len: 0 */","// TODO: eventually deprecate this console.trace(\"use the `babel-register` package instead of `babel-core/register`\");","module.exports = require(\"babel-register\");",""],"l":{"3":1}},"/home/travis/build/npmtest/node-npmtest-babel-core/node_modules/babel-core/lib/api/browser.js":{"path":"/home/travis/build/npmtest/node-npmtest-babel-core/node_modules/babel-core/lib/api/browser.js","s":{"1":1,"2":1,"3":1,"4":1,"5":4,"6":1,"7":2,"8":1,"9":2,"10":1,"11":2,"12":1,"13":2,"14":1,"15":2,"16":1,"17":2,"18":1,"19":2,"20":1,"21":2,"22":1,"23":2,"24":1,"25":2,"26":1,"27":2,"28":1,"29":2,"30":1,"31":2,"32":1,"33":2,"34":1,"35":2,"36":1,"37":2,"38":1,"39":1,"40":1,"41":0,"42":0,"43":1,"44":0,"45":0,"46":0,"47":0,"48":0,"49":0,"50":0,"51":0,"52":0,"53":0,"54":0,"55":0,"56":0,"57":0,"58":0,"59":0,"60":0,"61":0,"62":0,"63":1,"64":0,"65":0,"66":0,"67":1,"68":0,"69":0,"70":0,"71":0,"72":0,"73":1,"74":0,"75":0,"76":0,"77":0,"78":0,"79":0,"80":0,"81":0,"82":0,"83":0,"84":0,"85":0,"86":0,"87":0,"88":0,"89":1,"90":0,"91":1,"92":0},"b":{"1":[0,0],"2":[0,0],"3":[0,0],"4":[0,0],"5":[0,0],"6":[0,0],"7":[0,0],"8":[0,0],"9":[0,0],"10":[0,0],"11":[0,0],"12":[0,0],"13":[0,0],"14":[0,0],"15":[0,0],"16":[0,1],"17":[0,1]},"f":{"1":4,"2":2,"3":2,"4":2,"5":2,"6":2,"7":2,"8":2,"9":2,"10":2,"11":2,"12":2,"13":2,"14":2,"15":2,"16":2,"17":2,"18":0,"19":0,"20":0,"21":0,"22":0,"23":0,"24":0},"fnMap":{"1":{"name":"get","line":10,"loc":{"start":{"line":10,"column":7},"end":{"line":10,"column":22}}},"2":{"name":"get","line":16,"loc":{"start":{"line":16,"column":7},"end":{"line":16,"column":22}}},"3":{"name":"get","line":22,"loc":{"start":{"line":22,"column":7},"end":{"line":22,"column":22}}},"4":{"name":"get","line":28,"loc":{"start":{"line":28,"column":7},"end":{"line":28,"column":22}}},"5":{"name":"get","line":34,"loc":{"start":{"line":34,"column":7},"end":{"line":34,"column":22}}},"6":{"name":"get","line":40,"loc":{"start":{"line":40,"column":7},"end":{"line":40,"column":22}}},"7":{"name":"get","line":46,"loc":{"start":{"line":46,"column":7},"end":{"line":46,"column":22}}},"8":{"name":"get","line":52,"loc":{"start":{"line":52,"column":7},"end":{"line":52,"column":22}}},"9":{"name":"get","line":58,"loc":{"start":{"line":58,"column":7},"end":{"line":58,"column":22}}},"10":{"name":"get","line":64,"loc":{"start":{"line":64,"column":7},"end":{"line":64,"column":22}}},"11":{"name":"get","line":70,"loc":{"start":{"line":70,"column":7},"end":{"line":70,"column":22}}},"12":{"name":"get","line":76,"loc":{"start":{"line":76,"column":7},"end":{"line":76,"column":22}}},"13":{"name":"get","line":82,"loc":{"start":{"line":82,"column":7},"end":{"line":82,"column":22}}},"14":{"name":"get","line":88,"loc":{"start":{"line":88,"column":7},"end":{"line":88,"column":22}}},"15":{"name":"get","line":94,"loc":{"start":{"line":94,"column":7},"end":{"line":94,"column":22}}},"16":{"name":"get","line":100,"loc":{"start":{"line":100,"column":7},"end":{"line":100,"column":22}}},"17":{"name":"get","line":106,"loc":{"start":{"line":106,"column":7},"end":{"line":106,"column":22}}},"18":{"name":"run","line":112,"loc":{"start":{"line":112,"column":0},"end":{"line":112,"column":19}}},"19":{"name":"load","line":118,"loc":{"start":{"line":118,"column":0},"end":{"line":118,"column":29}}},"20":{"name":"(anonymous_20)","line":128,"loc":{"start":{"line":128,"column":27},"end":{"line":128,"column":39}}},"21":{"name":"runScripts","line":144,"loc":{"start":{"line":144,"column":0},"end":{"line":144,"column":22}}},"22":{"name":"exec","line":149,"loc":{"start":{"line":149,"column":2},"end":{"line":149,"column":18}}},"23":{"name":"run","line":158,"loc":{"start":{"line":158,"column":2},"end":{"line":158,"column":26}}},"24":{"name":"(anonymous_24)","line":162,"loc":{"start":{"line":162,"column":23},"end":{"line":162,"column":40}}}},"statementMap":{"1":{"start":{"line":3,"column":0},"end":{"line":3,"column":26}},"2":{"start":{"line":4,"column":0},"end":{"line":4,"column":357}},"3":{"start":{"line":6,"column":0},"end":{"line":6,"column":30}},"4":{"start":{"line":8,"column":0},"end":{"line":13,"column":3}},"5":{"start":{"line":11,"column":4},"end":{"line":11,"column":22}},"6":{"start":{"line":14,"column":0},"end":{"line":19,"column":3}},"7":{"start":{"line":17,"column":4},"end":{"line":17,"column":25}},"8":{"start":{"line":20,"column":0},"end":{"line":25,"column":3}},"9":{"start":{"line":23,"column":4},"end":{"line":23,"column":38}},"10":{"start":{"line":26,"column":0},"end":{"line":31,"column":3}},"11":{"start":{"line":29,"column":4},"end":{"line":29,"column":26}},"12":{"start":{"line":32,"column":0},"end":{"line":37,"column":3}},"13":{"start":{"line":35,"column":4},"end":{"line":35,"column":25}},"14":{"start":{"line":38,"column":0},"end":{"line":43,"column":3}},"15":{"start":{"line":41,"column":4},"end":{"line":41,"column":22}},"16":{"start":{"line":44,"column":0},"end":{"line":49,"column":3}},"17":{"start":{"line":47,"column":4},"end":{"line":47,"column":26}},"18":{"start":{"line":50,"column":0},"end":{"line":55,"column":3}},"19":{"start":{"line":53,"column":4},"end":{"line":53,"column":23}},"20":{"start":{"line":56,"column":0},"end":{"line":61,"column":3}},"21":{"start":{"line":59,"column":4},"end":{"line":59,"column":26}},"22":{"start":{"line":62,"column":0},"end":{"line":67,"column":3}},"23":{"start":{"line":65,"column":4},"end":{"line":65,"column":31}},"24":{"start":{"line":68,"column":0},"end":{"line":73,"column":3}},"25":{"start":{"line":71,"column":4},"end":{"line":71,"column":24}},"26":{"start":{"line":74,"column":0},"end":{"line":79,"column":3}},"27":{"start":{"line":77,"column":4},"end":{"line":77,"column":26}},"28":{"start":{"line":80,"column":0},"end":{"line":85,"column":3}},"29":{"start":{"line":83,"column":4},"end":{"line":83,"column":25}},"30":{"start":{"line":86,"column":0},"end":{"line":91,"column":3}},"31":{"start":{"line":89,"column":4},"end":{"line":89,"column":27}},"32":{"start":{"line":92,"column":0},"end":{"line":97,"column":3}},"33":{"start":{"line":95,"column":4},"end":{"line":95,"column":34}},"34":{"start":{"line":98,"column":0},"end":{"line":103,"column":3}},"35":{"start":{"line":101,"column":4},"end":{"line":101,"column":31}},"36":{"start":{"line":104,"column":0},"end":{"line":109,"column":3}},"37":{"start":{"line":107,"column":4},"end":{"line":107,"column":35}},"38":{"start":{"line":110,"column":0},"end":{"line":110,"column":18}},"39":{"start":{"line":111,"column":0},"end":{"line":111,"column":20}},"40":{"start":{"line":112,"column":0},"end":{"line":116,"column":1}},"41":{"start":{"line":113,"column":2},"end":{"line":113,"column":84}},"42":{"start":{"line":115,"column":2},"end":{"line":115,"column":63}},"43":{"start":{"line":118,"column":0},"end":{"line":142,"column":1}},"44":{"start":{"line":119,"column":2},"end":{"line":119,"column":84}},"45":{"start":{"line":120,"column":2},"end":{"line":120,"column":26}},"46":{"start":{"line":122,"column":2},"end":{"line":122,"column":39}},"47":{"start":{"line":124,"column":2},"end":{"line":124,"column":111}},"48":{"start":{"line":125,"column":2},"end":{"line":125,"column":29}},"49":{"start":{"line":126,"column":2},"end":{"line":126,"column":68}},"50":{"start":{"line":126,"column":33},"end":{"line":126,"column":68}},"51":{"start":{"line":128,"column":2},"end":{"line":139,"column":4}},"52":{"start":{"line":129,"column":4},"end":{"line":129,"column":37}},"53":{"start":{"line":129,"column":30},"end":{"line":129,"column":37}},"54":{"start":{"line":131,"column":4},"end":{"line":131,"column":28}},"55":{"start":{"line":132,"column":4},"end":{"line":138,"column":5}},"56":{"start":{"line":133,"column":6},"end":{"line":133,"column":43}},"57":{"start":{"line":134,"column":6},"end":{"line":134,"column":28}},"58":{"start":{"line":134,"column":17},"end":{"line":134,"column":28}},"59":{"start":{"line":135,"column":6},"end":{"line":135,"column":36}},"60":{"start":{"line":135,"column":20},"end":{"line":135,"column":36}},"61":{"start":{"line":137,"column":6},"end":{"line":137,"column":47}},"62":{"start":{"line":141,"column":2},"end":{"line":141,"column":17}},"63":{"start":{"line":144,"column":0},"end":{"line":184,"column":1}},"64":{"start":{"line":145,"column":2},"end":{"line":145,"column":19}},"65":{"start":{"line":146,"column":2},"end":{"line":146,"column":73}},"66":{"start":{"line":147,"column":2},"end":{"line":147,"column":16}},"67":{"start":{"line":149,"column":2},"end":{"line":156,"column":3}},"68":{"start":{"line":150,"column":4},"end":{"line":150,"column":31}},"69":{"start":{"line":151,"column":4},"end":{"line":155,"column":5}},"70":{"start":{"line":152,"column":6},"end":{"line":152,"column":24}},"71":{"start":{"line":153,"column":6},"end":{"line":153,"column":14}},"72":{"start":{"line":154,"column":6},"end":{"line":154,"column":13}},"73":{"start":{"line":158,"column":2},"end":{"line":170,"column":3}},"74":{"start":{"line":159,"column":4},"end":{"line":159,"column":18}},"75":{"start":{"line":161,"column":4},"end":{"line":169,"column":5}},"76":{"start":{"line":162,"column":6},"end":{"line":165,"column":21}},"77":{"start":{"line":163,"column":8},"end":{"line":163,"column":27}},"78":{"start":{"line":164,"column":8},"end":{"line":164,"column":15}},"79":{"start":{"line":167,"column":6},"end":{"line":167,"column":33}},"80":{"start":{"line":168,"column":6},"end":{"line":168,"column":44}},"81":{"start":{"line":172,"column":2},"end":{"line":172,"column":64}},"82":{"start":{"line":174,"column":2},"end":{"line":177,"column":3}},"83":{"start":{"line":175,"column":4},"end":{"line":175,"column":30}},"84":{"start":{"line":176,"column":4},"end":{"line":176,"column":64}},"85":{"start":{"line":176,"column":42},"end":{"line":176,"column":64}},"86":{"start":{"line":179,"column":2},"end":{"line":181,"column":3}},"87":{"start":{"line":180,"column":4},"end":{"line":180,"column":25}},"88":{"start":{"line":183,"column":2},"end":{"line":183,"column":9}},"89":{"start":{"line":186,"column":0},"end":{"line":190,"column":1}},"90":{"start":{"line":187,"column":2},"end":{"line":187,"column":65}},"91":{"start":{"line":188,"column":7},"end":{"line":190,"column":1}},"92":{"start":{"line":189,"column":2},"end":{"line":189,"column":43}}},"branchMap":{"1":{"line":113,"type":"cond-expr","locations":[{"start":{"line":113,"column":66},"end":{"line":113,"column":78}},{"start":{"line":113,"column":81},"end":{"line":113,"column":83}}]},"2":{"line":113,"type":"binary-expr","locations":[{"start":{"line":113,"column":13},"end":{"line":113,"column":33}},{"start":{"line":113,"column":37},"end":{"line":113,"column":63}}]},"3":{"line":119,"type":"cond-expr","locations":[{"start":{"line":119,"column":66},"end":{"line":119,"column":78}},{"start":{"line":119,"column":81},"end":{"line":119,"column":83}}]},"4":{"line":119,"type":"binary-expr","locations":[{"start":{"line":119,"column":13},"end":{"line":119,"column":33}},{"start":{"line":119,"column":37},"end":{"line":119,"column":63}}]},"5":{"line":122,"type":"binary-expr","locations":[{"start":{"line":122,"column":18},"end":{"line":122,"column":31}},{"start":{"line":122,"column":35},"end":{"line":122,"column":38}}]},"6":{"line":124,"type":"cond-expr","locations":[{"start":{"line":124,"column":35},"end":{"line":124,"column":80}},{"start":{"line":124,"column":83},"end":{"line":124,"column":110}}]},"7":{"line":126,"type":"if","locations":[{"start":{"line":126,"column":2},"end":{"line":126,"column":2}},{"start":{"line":126,"column":2},"end":{"line":126,"column":2}}]},"8":{"line":129,"type":"if","locations":[{"start":{"line":129,"column":4},"end":{"line":129,"column":4}},{"start":{"line":129,"column":4},"end":{"line":129,"column":4}}]},"9":{"line":132,"type":"if","locations":[{"start":{"line":132,"column":4},"end":{"line":132,"column":4}},{"start":{"line":132,"column":4},"end":{"line":132,"column":4}}]},"10":{"line":132,"type":"binary-expr","locations":[{"start":{"line":132,"column":8},"end":{"line":132,"column":20}},{"start":{"line":132,"column":24},"end":{"line":132,"column":38}}]},"11":{"line":134,"type":"if","locations":[{"start":{"line":134,"column":6},"end":{"line":134,"column":6}},{"start":{"line":134,"column":6},"end":{"line":134,"column":6}}]},"12":{"line":135,"type":"if","locations":[{"start":{"line":135,"column":6},"end":{"line":135,"column":6}},{"start":{"line":135,"column":6},"end":{"line":135,"column":6}}]},"13":{"line":151,"type":"if","locations":[{"start":{"line":151,"column":4},"end":{"line":151,"column":4}},{"start":{"line":151,"column":4},"end":{"line":151,"column":4}}]},"14":{"line":161,"type":"if","locations":[{"start":{"line":161,"column":4},"end":{"line":161,"column":4}},{"start":{"line":161,"column":4},"end":{"line":161,"column":4}}]},"15":{"line":176,"type":"if","locations":[{"start":{"line":176,"column":4},"end":{"line":176,"column":4}},{"start":{"line":176,"column":4},"end":{"line":176,"column":4}}]},"16":{"line":186,"type":"if","locations":[{"start":{"line":186,"column":0},"end":{"line":186,"column":0}},{"start":{"line":186,"column":0},"end":{"line":186,"column":0}}]},"17":{"line":188,"type":"if","locations":[{"start":{"line":188,"column":7},"end":{"line":188,"column":7}},{"start":{"line":188,"column":7},"end":{"line":188,"column":7}}]}},"code":["\"use strict\";","","exports.__esModule = true;","exports.transformFileSync = exports.transformFile = exports.transformFromAst = exports.transform = exports.analyse = exports.Pipeline = exports.Plugin = exports.OptionManager = exports.traverse = exports.types = exports.messages = exports.util = exports.version = exports.template = exports.buildExternalHelpers = exports.options = exports.File = undefined;","","var _node = require(\"./node\");","","Object.defineProperty(exports, \"File\", {","  enumerable: true,","  get: function get() {","    return _node.File;","  }","});","Object.defineProperty(exports, \"options\", {","  enumerable: true,","  get: function get() {","    return _node.options;","  }","});","Object.defineProperty(exports, \"buildExternalHelpers\", {","  enumerable: true,","  get: function get() {","    return _node.buildExternalHelpers;","  }","});","Object.defineProperty(exports, \"template\", {","  enumerable: true,","  get: function get() {","    return _node.template;","  }","});","Object.defineProperty(exports, \"version\", {","  enumerable: true,","  get: function get() {","    return _node.version;","  }","});","Object.defineProperty(exports, \"util\", {","  enumerable: true,","  get: function get() {","    return _node.util;","  }","});","Object.defineProperty(exports, \"messages\", {","  enumerable: true,","  get: function get() {","    return _node.messages;","  }","});","Object.defineProperty(exports, \"types\", {","  enumerable: true,","  get: function get() {","    return _node.types;","  }","});","Object.defineProperty(exports, \"traverse\", {","  enumerable: true,","  get: function get() {","    return _node.traverse;","  }","});","Object.defineProperty(exports, \"OptionManager\", {","  enumerable: true,","  get: function get() {","    return _node.OptionManager;","  }","});","Object.defineProperty(exports, \"Plugin\", {","  enumerable: true,","  get: function get() {","    return _node.Plugin;","  }","});","Object.defineProperty(exports, \"Pipeline\", {","  enumerable: true,","  get: function get() {","    return _node.Pipeline;","  }","});","Object.defineProperty(exports, \"analyse\", {","  enumerable: true,","  get: function get() {","    return _node.analyse;","  }","});","Object.defineProperty(exports, \"transform\", {","  enumerable: true,","  get: function get() {","    return _node.transform;","  }","});","Object.defineProperty(exports, \"transformFromAst\", {","  enumerable: true,","  get: function get() {","    return _node.transformFromAst;","  }","});","Object.defineProperty(exports, \"transformFile\", {","  enumerable: true,","  get: function get() {","    return _node.transformFile;","  }","});","Object.defineProperty(exports, \"transformFileSync\", {","  enumerable: true,","  get: function get() {","    return _node.transformFileSync;","  }","});","exports.run = run;","exports.load = load;","function run(code) {","  var opts = arguments.length > 1 && arguments[1] !== undefined ? arguments[1] : {};","","  return new Function((0, _node.transform)(code, opts).code)();","}","","function load(url, callback) {","  var opts = arguments.length > 2 && arguments[2] !== undefined ? arguments[2] : {};","  var hold = arguments[3];","","  opts.filename = opts.filename || url;","","  var xhr = global.ActiveXObject ? new global.ActiveXObject(\"Microsoft.XMLHTTP\") : new global.XMLHttpRequest();","  xhr.open(\"GET\", url, true);","  if (\"overrideMimeType\" in xhr) xhr.overrideMimeType(\"text/plain\");","","  xhr.onreadystatechange = function () {","    if (xhr.readyState !== 4) return;","","    var status = xhr.status;","    if (status === 0 || status === 200) {","      var param = [xhr.responseText, opts];","      if (!hold) run(param);","      if (callback) callback(param);","    } else {","      throw new Error(\"Could not load \" + url);","    }","  };","","  xhr.send(null);","}","","function runScripts() {","  var scripts = [];","  var types = [\"text/ecmascript-6\", \"text/6to5\", \"text/babel\", \"module\"];","  var index = 0;","","  function exec() {","    var param = scripts[index];","    if (param instanceof Array) {","      run(param, index);","      index++;","      exec();","    }","  }","","  function run(script, i) {","    var opts = {};","","    if (script.src) {","      load(script.src, function (param) {","        scripts[i] = param;","        exec();","      }, opts, true);","    } else {","      opts.filename = \"embedded\";","      scripts[i] = [script.innerHTML, opts];","    }","  }","","  var _scripts = global.document.getElementsByTagName(\"script\");","","  for (var i = 0; i < _scripts.length; ++i) {","    var _script = _scripts[i];","    if (types.indexOf(_script.type) >= 0) scripts.push(_script);","  }","","  for (var _i = 0; _i < scripts.length; _i++) {","    run(scripts[_i], _i);","  }","","  exec();","}","","if (global.addEventListener) {","  global.addEventListener(\"DOMContentLoaded\", runScripts, false);","} else if (global.attachEvent) {","  global.attachEvent(\"onload\", runScripts);","}"],"l":{"3":1,"4":1,"6":1,"8":1,"11":4,"14":1,"17":2,"20":1,"23":2,"26":1,"29":2,"32":1,"35":2,"38":1,"41":2,"44":1,"47":2,"50":1,"53":2,"56":1,"59":2,"62":1,"65":2,"68":1,"71":2,"74":1,"77":2,"80":1,"83":2,"86":1,"89":2,"92":1,"95":2,"98":1,"101":2,"104":1,"107":2,"110":1,"111":1,"112":1,"113":0,"115":0,"118":1,"119":0,"120":0,"122":0,"124":0,"125":0,"126":0,"128":0,"129":0,"131":0,"132":0,"133":0,"134":0,"135":0,"137":0,"141":0,"144":1,"145":0,"146":0,"147":0,"149":1,"150":0,"151":0,"152":0,"153":0,"154":0,"158":1,"159":0,"161":0,"162":0,"163":0,"164":0,"167":0,"168":0,"172":0,"174":0,"175":0,"176":0,"179":0,"180":0,"183":0,"186":1,"187":0,"188":1,"189":0}}}